2016/06/01 06:51:24 INFO  - jmeter.util.JMeterUtils: Setting Locale to en_US 
2016/06/01 06:51:24 INFO  - jmeter.JMeter: Loading user properties from: /Users/chennareddy/.jenkins/workspace/Performance_Testing_Jmeter/target/jmeter/bin/user.properties 
2016/06/01 06:51:24 INFO  - jmeter.JMeter: Loading system properties from: /Users/chennareddy/.jenkins/workspace/Performance_Testing_Jmeter/target/jmeter/bin/system.properties 
2016/06/01 06:51:24 INFO  - jmeter.JMeter: Copyright (c) 1998-2013 The Apache Software Foundation 
2016/06/01 06:51:24 INFO  - jmeter.JMeter: Version 2.10 r1533061 
2016/06/01 06:51:24 INFO  - jmeter.JMeter: java.version=1.8.0_71 
2016/06/01 06:51:24 INFO  - jmeter.JMeter: java.vm.name=Java HotSpot(TM) 64-Bit Server VM 
2016/06/01 06:51:24 INFO  - jmeter.JMeter: os.name=Mac OS X 
2016/06/01 06:51:24 INFO  - jmeter.JMeter: os.arch=x86_64 
2016/06/01 06:51:24 INFO  - jmeter.JMeter: os.version=10.11.5 
2016/06/01 06:51:24 INFO  - jmeter.JMeter: file.encoding=UTF-8 
2016/06/01 06:51:24 INFO  - jmeter.JMeter: Default Locale=English (United States) 
2016/06/01 06:51:24 INFO  - jmeter.JMeter: JMeter  Locale=English (United States) 
2016/06/01 06:51:24 INFO  - jmeter.JMeter: JMeterHome=/Users/chennareddy/.jenkins/workspace/Performance_Testing_Jmeter/target/jmeter 
2016/06/01 06:51:24 INFO  - jmeter.JMeter: user.dir  =/Users/chennareddy/.jenkins/workspace/Performance_Testing_Jmeter/target/jmeter/bin 
2016/06/01 06:51:24 INFO  - jmeter.JMeter: PWD       =/Users/chennareddy/.jenkins/workspace/Performance_Testing_Jmeter/target/jmeter/bin 
2016/06/01 06:51:24 INFO  - jmeter.JMeter: IP: 192.168.2.1 Name: mche.local FullName: 192.168.2.1 
2016/06/01 06:51:24 INFO  - jmeter.services.FileServer: Default base='/Users/chennareddy/.jenkins/workspace/Performance_Testing_Jmeter/target/jmeter/bin' 
2016/06/01 06:51:24 INFO  - jmeter.services.FileServer: Set new base='/Users/chennareddy/.jenkins/workspace/Performance_Testing_Jmeter/src/test/jmeter' 
2016/06/01 06:51:24 INFO  - jmeter.JMeter: Loading file: /Users/chennareddy/.jenkins/workspace/Performance_Testing_Jmeter/src/test/jmeter/Homescreen.jmx 
2016/06/01 06:51:24 INFO  - jmeter.save.SaveService: Testplan (JMX) version: 2.2. Testlog (JTL) version: 2.2 
2016/06/01 06:51:24 INFO  - jmeter.save.SaveService: Using SaveService properties file encoding UTF-8 
2016/06/01 06:51:24 INFO  - jmeter.save.SaveService: Using SaveService properties version 2.6 
2016/06/01 06:51:24 INFO  - jmeter.save.SaveService: Using SaveService properties file version 1554411 
2016/06/01 06:51:24 WARN  - jmeter.save.SaveService: Bad _version - expected 2.5, found 2.6. 
2016/06/01 06:51:24 INFO  - jmeter.save.SaveService: All converter versions present and correct 
2016/06/01 06:51:24 INFO  - jmeter.protocol.http.sampler.HTTPSamplerBase: Cannot find .className property for htmlParser, using default 
2016/06/01 06:51:24 INFO  - jmeter.protocol.http.sampler.HTTPSamplerBase: Parser for text/html is  
2016/06/01 06:51:24 INFO  - jmeter.protocol.http.sampler.HTTPSamplerBase: Parser for application/xhtml+xml is  
2016/06/01 06:51:24 INFO  - jmeter.protocol.http.sampler.HTTPSamplerBase: Parser for application/xml is  
2016/06/01 06:51:24 INFO  - jmeter.protocol.http.sampler.HTTPSamplerBase: Parser for text/xml is  
2016/06/01 06:51:24 INFO  - jmeter.protocol.http.sampler.HTTPSamplerBase: Parser for text/vnd.wap.wml is org.apache.jmeter.protocol.http.parser.RegexpHTMLParser 
2016/06/01 06:51:24 INFO  - jmeter.engine.StandardJMeterEngine: Listeners will be started after enabling running version 
2016/06/01 06:51:24 INFO  - jmeter.engine.StandardJMeterEngine: To revert to the earlier behaviour, define jmeterengine.startlistenerslater=false 
2016/06/01 06:51:24 INFO  - jmeter.engine.StandardJMeterEngine: Running the test! 
2016/06/01 06:51:24 INFO  - jmeter.samplers.SampleEvent: List of sample_variables: [] 
2016/06/01 06:51:24 INFO  - jmeter.samplers.SampleEvent: List of sample_variables: [] 
2016/06/01 06:51:24 INFO  - jmeter.engine.util.CompoundVariable: Note: Function class names must contain the string: '.functions.' 
2016/06/01 06:51:24 INFO  - jmeter.engine.util.CompoundVariable: Note: Function class names must not contain the string: '.gui.' 
2016/06/01 06:51:24 INFO  - jmeter.JMeter: Running test (1464789084873) 
2016/06/01 06:51:24 INFO  - jmeter.engine.StandardJMeterEngine: Starting ThreadGroup: 1 : Users 
2016/06/01 06:51:24 INFO  - jmeter.engine.StandardJMeterEngine: Starting 5 threads for group Users. 
2016/06/01 06:51:24 INFO  - jmeter.engine.StandardJMeterEngine: Test will stop on error 
2016/06/01 06:51:24 INFO  - jmeter.threads.ThreadGroup: Starting thread group number 1 threads 5 ramp-up 60 perThread 12000.0 delayedStart=false 
2016/06/01 06:51:24 INFO  - jmeter.threads.JMeterThread: jmeterthread.startearlier=true (see jmeter.properties) 
2016/06/01 06:51:24 INFO  - jmeter.threads.JMeterThread: Running PostProcessors in forward order 
2016/06/01 06:51:24 INFO  - jmeter.threads.ThreadGroup: Started thread group number 1 
2016/06/01 06:51:24 INFO  - jmeter.engine.StandardJMeterEngine: All thread groups have been started 
2016/06/01 06:51:24 INFO  - jmeter.threads.JMeterThread: Thread started: Users 1-1 
2016/06/01 06:51:24 INFO  - jmeter.protocol.http.sampler.HTTPJavaImpl: Maximum connection retries = 10 
2016/06/01 06:51:24 INFO  - jmeter.samplers.SampleResult: Note: Sample TimeStamps are START times 
2016/06/01 06:51:24 INFO  - jmeter.samplers.SampleResult: sampleresult.default.encoding is set to ISO-8859-1 
2016/06/01 06:51:24 INFO  - jmeter.samplers.SampleResult: sampleresult.useNanoTime=true 
2016/06/01 06:51:24 INFO  - jmeter.samplers.SampleResult: sampleresult.nanoThreadSleep=5000 
2016/06/01 06:51:24 INFO  - jmeter.util.JsseSSLManager: Using default SSL protocol: TLS 
2016/06/01 06:51:24 INFO  - jmeter.util.JsseSSLManager: SSL session context: per-thread 
2016/06/01 06:51:25 INFO  - jmeter.util.SSLManager: JmeterKeyStore Location:  type JKS 
2016/06/01 06:51:25 INFO  - jmeter.util.SSLManager: KeyStore created OK 
2016/06/01 06:51:25 WARN  - jmeter.util.SSLManager: Keystore file not found, loading empty keystore 
2016/06/01 06:51:27 INFO  - jmeter.threads.JMeterThread: Thread finished: Users 1-1 
2016/06/01 06:51:36 INFO  - jmeter.threads.JMeterThread: Thread started: Users 1-2 
2016/06/01 06:51:38 INFO  - jmeter.threads.JMeterThread: Thread finished: Users 1-2 
2016/06/01 06:51:48 INFO  - jmeter.threads.JMeterThread: Thread started: Users 1-3 
2016/06/01 06:51:50 INFO  - jmeter.threads.JMeterThread: Thread finished: Users 1-3 
2016/06/01 06:52:00 INFO  - jmeter.threads.JMeterThread: Thread started: Users 1-4 
2016/06/01 06:52:02 INFO  - jmeter.threads.JMeterThread: Thread finished: Users 1-4 
2016/06/01 06:52:12 INFO  - jmeter.threads.JMeterThread: Thread started: Users 1-5 
2016/06/01 06:52:14 INFO  - jmeter.threads.JMeterThread: Thread finished: Users 1-5 
2016/06/01 06:52:14 INFO  - jmeter.engine.StandardJMeterEngine: Notifying test listeners of end of test 
