2016/06/06 04:44:17 INFO  - jmeter.util.JMeterUtils: Setting Locale to en_US 
2016/06/06 04:44:17 INFO  - jmeter.JMeter: Loading user properties from: /Users/chennareddy/.jenkins/workspace/Performance_Testing_Jmeter/target/jmeter/bin/user.properties 
2016/06/06 04:44:17 INFO  - jmeter.JMeter: Loading system properties from: /Users/chennareddy/.jenkins/workspace/Performance_Testing_Jmeter/target/jmeter/bin/system.properties 
2016/06/06 04:44:17 INFO  - jmeter.JMeter: Copyright (c) 1998-2012 The Apache Software Foundation 
2016/06/06 04:44:17 INFO  - jmeter.JMeter: Version 2.6 r1237317 
2016/06/06 04:44:17 INFO  - jmeter.JMeter: java.version=1.8.0_71 
2016/06/06 04:44:17 INFO  - jmeter.JMeter: java.vm.name=Java HotSpot(TM) 64-Bit Server VM 
2016/06/06 04:44:17 INFO  - jmeter.JMeter: os.name=Mac OS X 
2016/06/06 04:44:17 INFO  - jmeter.JMeter: os.arch=x86_64 
2016/06/06 04:44:17 INFO  - jmeter.JMeter: os.version=10.11.5 
2016/06/06 04:44:17 INFO  - jmeter.JMeter: file.encoding=UTF-8 
2016/06/06 04:44:17 INFO  - jmeter.JMeter: Default Locale=English (United States) 
2016/06/06 04:44:17 INFO  - jmeter.JMeter: JMeter  Locale=English (United States) 
2016/06/06 04:44:17 INFO  - jmeter.JMeter: JMeterHome=/Users/chennareddy/.jenkins/workspace/Performance_Testing_Jmeter/target/jmeter 
2016/06/06 04:44:17 INFO  - jmeter.JMeter: user.dir  =/Users/chennareddy/.jenkins/workspace/Performance_Testing_Jmeter/target/jmeter/bin 
2016/06/06 04:44:17 INFO  - jmeter.JMeter: PWD       =/Users/chennareddy/.jenkins/workspace/Performance_Testing_Jmeter/target/jmeter/bin 
2016/06/06 04:44:17 INFO  - jmeter.JMeter: IP: 192.168.2.1 Name: mche.local FullName: 192.168.2.1 
2016/06/06 04:44:17 INFO  - jmeter.services.FileServer: Set new base='/Users/chennareddy/.jenkins/workspace/Performance_Testing_Jmeter/src/test/jmeter' 
2016/06/06 04:44:17 INFO  - jmeter.JMeter: Loading file: /Users/chennareddy/.jenkins/workspace/Performance_Testing_Jmeter/src/test/jmeter/createaccount_DATA.jmx 
2016/06/06 04:44:17 INFO  - jmeter.engine.StandardJMeterEngine: Running the test! 
2016/06/06 04:44:17 INFO  - jmeter.JMeter: Running test (1465213457975) 
2016/06/06 04:44:18 INFO  - jmeter.engine.StandardJMeterEngine: Starting 500 threads for group Thread Group. 
2016/06/06 04:44:18 INFO  - jmeter.engine.StandardJMeterEngine: Test will stop on error 
2016/06/06 04:44:18 INFO  - jmeter.threads.JMeterThread: Thread started: Thread Group 1-1 
2016/06/06 04:44:18 INFO  - jmeter.services.FileServer: Stored: /Users/chennareddy/jmeter_scripts/data.csv Alias: /Users/chennareddy/jmeter_scripts/data.csv@shareMode.all 
2016/06/06 04:44:18 INFO  - jmeter.engine.StandardJMeterEngine: All threads have been started 
2016/06/06 04:44:18 INFO  - jmeter.threads.JMeterThread: Thread started: Thread Group 1-2 
2016/06/06 04:44:18 INFO  - jmeter.threads.JMeterThread: Thread started: Thread Group 1-3 
2016/06/06 04:44:18 INFO  - jmeter.threads.JMeterThread: Thread started: Thread Group 1-4 
2016/06/06 04:44:18 INFO  - jmeter.threads.JMeterThread: Thread started: Thread Group 1-5 
2016/06/06 04:44:18 INFO  - jmeter.threads.JMeterThread: Thread started: Thread Group 1-6 
2016/06/06 04:44:18 INFO  - jmeter.threads.JMeterThread: Thread started: Thread Group 1-7 
2016/06/06 04:44:18 INFO  - jmeter.threads.JMeterThread: Thread started: Thread Group 1-8 
2016/06/06 04:44:19 INFO  - jmeter.threads.JMeterThread: Thread started: Thread Group 1-9 
2016/06/06 04:44:19 INFO  - jmeter.threads.JMeterThread: Thread finished: Thread Group 1-1 
2016/06/06 04:44:19 INFO  - jmeter.engine.StandardJMeterEngine: Ending thread Thread Group 1-1 
2016/06/06 04:44:19 INFO  - jmeter.threads.JMeterThread: Thread started: Thread Group 1-10 
2016/06/06 04:44:19 INFO  - jmeter.threads.JMeterThread: Thread finished: Thread Group 1-2 
2016/06/06 04:44:19 INFO  - jmeter.engine.StandardJMeterEngine: Ending thread Thread Group 1-2 
2016/06/06 04:44:19 INFO  - jmeter.threads.JMeterThread: Thread started: Thread Group 1-11 
2016/06/06 04:44:19 INFO  - jmeter.threads.JMeterThread: Thread finished: Thread Group 1-3 
2016/06/06 04:44:19 INFO  - jmeter.engine.StandardJMeterEngine: Ending thread Thread Group 1-3 
2016/06/06 04:44:19 INFO  - jmeter.threads.JMeterThread: Thread started: Thread Group 1-12 
2016/06/06 04:44:19 INFO  - jmeter.threads.JMeterThread: Thread finished: Thread Group 1-4 
2016/06/06 04:44:19 INFO  - jmeter.engine.StandardJMeterEngine: Ending thread Thread Group 1-4 
2016/06/06 04:44:19 INFO  - jmeter.threads.JMeterThread: Thread started: Thread Group 1-13 
2016/06/06 04:44:19 INFO  - jmeter.threads.JMeterThread: Thread finished: Thread Group 1-5 
2016/06/06 04:44:19 INFO  - jmeter.engine.StandardJMeterEngine: Ending thread Thread Group 1-5 
2016/06/06 04:44:19 INFO  - jmeter.threads.JMeterThread: Thread started: Thread Group 1-14 
2016/06/06 04:44:19 INFO  - jmeter.threads.JMeterThread: Thread finished: Thread Group 1-10 
2016/06/06 04:44:19 INFO  - jmeter.engine.StandardJMeterEngine: Ending thread Thread Group 1-10 
2016/06/06 04:44:19 INFO  - jmeter.threads.JMeterThread: Thread finished: Thread Group 1-6 
2016/06/06 04:44:19 INFO  - jmeter.engine.StandardJMeterEngine: Ending thread Thread Group 1-6 
2016/06/06 04:44:19 INFO  - jmeter.threads.JMeterThread: Thread started: Thread Group 1-15 
2016/06/06 04:44:19 INFO  - jmeter.threads.JMeterThread: Thread finished: Thread Group 1-11 
2016/06/06 04:44:19 INFO  - jmeter.engine.StandardJMeterEngine: Ending thread Thread Group 1-11 
2016/06/06 04:44:19 INFO  - jmeter.threads.JMeterThread: Thread finished: Thread Group 1-7 
2016/06/06 04:44:19 INFO  - jmeter.engine.StandardJMeterEngine: Ending thread Thread Group 1-7 
2016/06/06 04:44:19 INFO  - jmeter.threads.JMeterThread: Thread started: Thread Group 1-16 
2016/06/06 04:44:19 INFO  - jmeter.threads.JMeterThread: Thread finished: Thread Group 1-12 
2016/06/06 04:44:19 INFO  - jmeter.engine.StandardJMeterEngine: Ending thread Thread Group 1-12 
2016/06/06 04:44:19 INFO  - jmeter.threads.JMeterThread: Thread finished: Thread Group 1-8 
2016/06/06 04:44:19 INFO  - jmeter.engine.StandardJMeterEngine: Ending thread Thread Group 1-8 
2016/06/06 04:44:20 INFO  - jmeter.threads.JMeterThread: Thread started: Thread Group 1-17 
2016/06/06 04:44:20 INFO  - jmeter.threads.JMeterThread: Thread finished: Thread Group 1-9 
2016/06/06 04:44:20 INFO  - jmeter.engine.StandardJMeterEngine: Ending thread Thread Group 1-9 
2016/06/06 04:44:20 INFO  - jmeter.threads.JMeterThread: Thread finished: Thread Group 1-13 
2016/06/06 04:44:20 INFO  - jmeter.engine.StandardJMeterEngine: Ending thread Thread Group 1-13 
2016/06/06 04:44:20 INFO  - jmeter.threads.JMeterThread: Thread started: Thread Group 1-18 
2016/06/06 04:44:20 INFO  - jmeter.threads.JMeterThread: Thread finished: Thread Group 1-14 
2016/06/06 04:44:20 INFO  - jmeter.engine.StandardJMeterEngine: Ending thread Thread Group 1-14 
2016/06/06 04:44:20 INFO  - jmeter.threads.JMeterThread: Thread started: Thread Group 1-19 
2016/06/06 04:44:20 INFO  - jmeter.threads.JMeterThread: Thread finished: Thread Group 1-15 
2016/06/06 04:44:20 INFO  - jmeter.engine.StandardJMeterEngine: Ending thread Thread Group 1-15 
2016/06/06 04:44:20 INFO  - jmeter.threads.JMeterThread: Thread started: Thread Group 1-20 
2016/06/06 04:44:20 INFO  - jmeter.threads.JMeterThread: Thread finished: Thread Group 1-16 
2016/06/06 04:44:20 INFO  - jmeter.engine.StandardJMeterEngine: Ending thread Thread Group 1-16 
2016/06/06 04:44:20 INFO  - jmeter.threads.JMeterThread: Thread started: Thread Group 1-21 
2016/06/06 04:44:20 INFO  - jmeter.threads.JMeterThread: Thread finished: Thread Group 1-17 
2016/06/06 04:44:20 INFO  - jmeter.engine.StandardJMeterEngine: Ending thread Thread Group 1-17 
2016/06/06 04:44:20 INFO  - jmeter.threads.JMeterThread: Thread started: Thread Group 1-22 
2016/06/06 04:44:20 INFO  - jmeter.threads.JMeterThread: Thread finished: Thread Group 1-18 
2016/06/06 04:44:20 INFO  - jmeter.engine.StandardJMeterEngine: Ending thread Thread Group 1-18 
2016/06/06 04:44:20 INFO  - jmeter.threads.JMeterThread: Thread started: Thread Group 1-23 
2016/06/06 04:44:20 INFO  - jmeter.threads.JMeterThread: Thread finished: Thread Group 1-19 
2016/06/06 04:44:20 INFO  - jmeter.engine.StandardJMeterEngine: Ending thread Thread Group 1-19 
2016/06/06 04:44:20 INFO  - jmeter.threads.JMeterThread: Thread started: Thread Group 1-24 
2016/06/06 04:44:20 INFO  - jmeter.threads.JMeterThread: Thread finished: Thread Group 1-20 
2016/06/06 04:44:20 INFO  - jmeter.engine.StandardJMeterEngine: Ending thread Thread Group 1-20 
2016/06/06 04:44:20 INFO  - jmeter.threads.JMeterThread: Thread started: Thread Group 1-25 
2016/06/06 04:44:21 INFO  - jmeter.threads.JMeterThread: Thread finished: Thread Group 1-23 
2016/06/06 04:44:21 INFO  - jmeter.engine.StandardJMeterEngine: Ending thread Thread Group 1-23 
2016/06/06 04:44:21 INFO  - jmeter.threads.JMeterThread: Thread finished: Thread Group 1-21 
2016/06/06 04:44:21 INFO  - jmeter.engine.StandardJMeterEngine: Ending thread Thread Group 1-21 
2016/06/06 04:44:21 INFO  - jmeter.threads.JMeterThread: Thread started: Thread Group 1-26 
2016/06/06 04:44:21 INFO  - jmeter.threads.JMeterThread: Thread finished: Thread Group 1-22 
2016/06/06 04:44:21 INFO  - jmeter.engine.StandardJMeterEngine: Ending thread Thread Group 1-22 
2016/06/06 04:44:21 INFO  - jmeter.threads.JMeterThread: Thread started: Thread Group 1-27 
2016/06/06 04:44:21 INFO  - jmeter.threads.JMeterThread: Thread finished: Thread Group 1-25 
2016/06/06 04:44:21 INFO  - jmeter.engine.StandardJMeterEngine: Ending thread Thread Group 1-25 
2016/06/06 04:44:21 INFO  - jmeter.threads.JMeterThread: Thread started: Thread Group 1-28 
2016/06/06 04:44:21 INFO  - jmeter.threads.JMeterThread: Thread finished: Thread Group 1-24 
2016/06/06 04:44:21 INFO  - jmeter.engine.StandardJMeterEngine: Ending thread Thread Group 1-24 
2016/06/06 04:44:21 INFO  - jmeter.threads.JMeterThread: Thread finished: Thread Group 1-26 
2016/06/06 04:44:21 INFO  - jmeter.engine.StandardJMeterEngine: Ending thread Thread Group 1-26 
2016/06/06 04:44:21 INFO  - jmeter.threads.JMeterThread: Thread started: Thread Group 1-29 
2016/06/06 04:44:21 INFO  - jmeter.threads.JMeterThread: Thread finished: Thread Group 1-27 
2016/06/06 04:44:21 INFO  - jmeter.engine.StandardJMeterEngine: Ending thread Thread Group 1-27 
2016/06/06 04:44:21 INFO  - jmeter.threads.JMeterThread: Thread started: Thread Group 1-30 
2016/06/06 04:44:21 INFO  - jmeter.threads.JMeterThread: Thread finished: Thread Group 1-28 
2016/06/06 04:44:21 INFO  - jmeter.engine.StandardJMeterEngine: Ending thread Thread Group 1-28 
2016/06/06 04:44:21 INFO  - jmeter.threads.JMeterThread: Thread started: Thread Group 1-31 
2016/06/06 04:44:21 INFO  - jmeter.threads.JMeterThread: Thread finished: Thread Group 1-29 
2016/06/06 04:44:21 INFO  - jmeter.engine.StandardJMeterEngine: Ending thread Thread Group 1-29 
2016/06/06 04:44:21 INFO  - jmeter.threads.JMeterThread: Thread started: Thread Group 1-32 
2016/06/06 04:44:21 INFO  - jmeter.threads.JMeterThread: Thread finished: Thread Group 1-30 
2016/06/06 04:44:21 INFO  - jmeter.engine.StandardJMeterEngine: Ending thread Thread Group 1-30 
2016/06/06 04:44:21 INFO  - jmeter.threads.JMeterThread: Thread started: Thread Group 1-33 
2016/06/06 04:44:22 INFO  - jmeter.threads.JMeterThread: Thread started: Thread Group 1-34 
2016/06/06 04:44:22 INFO  - jmeter.threads.JMeterThread: Thread finished: Thread Group 1-32 
2016/06/06 04:44:22 INFO  - jmeter.engine.StandardJMeterEngine: Ending thread Thread Group 1-32 
2016/06/06 04:44:22 INFO  - jmeter.threads.JMeterThread: Thread started: Thread Group 1-35 
2016/06/06 04:44:22 INFO  - jmeter.threads.JMeterThread: Thread finished: Thread Group 1-31 
2016/06/06 04:44:22 INFO  - jmeter.engine.StandardJMeterEngine: Ending thread Thread Group 1-31 
2016/06/06 04:44:22 INFO  - jmeter.threads.JMeterThread: Thread started: Thread Group 1-36 
2016/06/06 04:44:22 INFO  - jmeter.threads.JMeterThread: Thread started: Thread Group 1-37 
2016/06/06 04:44:22 INFO  - jmeter.threads.JMeterThread: Thread finished: Thread Group 1-33 
2016/06/06 04:44:22 INFO  - jmeter.engine.StandardJMeterEngine: Ending thread Thread Group 1-33 
2016/06/06 04:44:22 INFO  - jmeter.threads.JMeterThread: Thread started: Thread Group 1-38 
2016/06/06 04:44:22 INFO  - jmeter.threads.JMeterThread: Thread finished: Thread Group 1-36 
2016/06/06 04:44:22 INFO  - jmeter.engine.StandardJMeterEngine: Ending thread Thread Group 1-36 
2016/06/06 04:44:22 INFO  - jmeter.threads.JMeterThread: Thread started: Thread Group 1-39 
2016/06/06 04:44:22 INFO  - jmeter.threads.JMeterThread: Thread started: Thread Group 1-40 
2016/06/06 04:44:22 INFO  - jmeter.threads.JMeterThread: Thread finished: Thread Group 1-38 
2016/06/06 04:44:22 INFO  - jmeter.engine.StandardJMeterEngine: Ending thread Thread Group 1-38 
2016/06/06 04:44:22 INFO  - jmeter.threads.JMeterThread: Thread finished: Thread Group 1-34 
2016/06/06 04:44:22 INFO  - jmeter.engine.StandardJMeterEngine: Ending thread Thread Group 1-34 
2016/06/06 04:44:22 INFO  - jmeter.threads.JMeterThread: Thread started: Thread Group 1-41 
2016/06/06 04:44:22 INFO  - jmeter.threads.JMeterThread: Thread finished: Thread Group 1-35 
2016/06/06 04:44:22 INFO  - jmeter.engine.StandardJMeterEngine: Ending thread Thread Group 1-35 
2016/06/06 04:44:23 INFO  - jmeter.threads.JMeterThread: Thread finished: Thread Group 1-39 
2016/06/06 04:44:23 INFO  - jmeter.engine.StandardJMeterEngine: Ending thread Thread Group 1-39 
2016/06/06 04:44:23 INFO  - jmeter.threads.JMeterThread: Thread started: Thread Group 1-42 
2016/06/06 04:44:23 INFO  - jmeter.threads.JMeterThread: Thread started: Thread Group 1-43 
2016/06/06 04:44:23 INFO  - jmeter.threads.JMeterThread: Thread finished: Thread Group 1-37 
2016/06/06 04:44:23 INFO  - jmeter.engine.StandardJMeterEngine: Ending thread Thread Group 1-37 
2016/06/06 04:44:23 INFO  - jmeter.threads.JMeterThread: Thread started: Thread Group 1-44 
2016/06/06 04:44:23 INFO  - jmeter.threads.JMeterThread: Thread finished: Thread Group 1-42 
2016/06/06 04:44:23 INFO  - jmeter.engine.StandardJMeterEngine: Ending thread Thread Group 1-42 
2016/06/06 04:44:23 INFO  - jmeter.threads.JMeterThread: Thread started: Thread Group 1-45 
2016/06/06 04:44:23 INFO  - jmeter.threads.JMeterThread: Thread finished: Thread Group 1-41 
2016/06/06 04:44:23 INFO  - jmeter.engine.StandardJMeterEngine: Ending thread Thread Group 1-41 
2016/06/06 04:44:23 INFO  - jmeter.threads.JMeterThread: Thread started: Thread Group 1-46 
2016/06/06 04:44:23 INFO  - jmeter.threads.JMeterThread: Thread started: Thread Group 1-47 
2016/06/06 04:44:23 INFO  - jmeter.threads.JMeterThread: Thread finished: Thread Group 1-43 
2016/06/06 04:44:23 INFO  - jmeter.engine.StandardJMeterEngine: Ending thread Thread Group 1-43 
2016/06/06 04:44:23 INFO  - jmeter.threads.JMeterThread: Thread started: Thread Group 1-48 
2016/06/06 04:44:23 INFO  - jmeter.threads.JMeterThread: Thread started: Thread Group 1-49 
2016/06/06 04:44:23 INFO  - jmeter.threads.JMeterThread: Thread finished: Thread Group 1-40 
2016/06/06 04:44:23 INFO  - jmeter.engine.StandardJMeterEngine: Ending thread Thread Group 1-40 
2016/06/06 04:44:23 INFO  - jmeter.threads.JMeterThread: Thread finished: Thread Group 1-45 
2016/06/06 04:44:23 INFO  - jmeter.engine.StandardJMeterEngine: Ending thread Thread Group 1-45 
2016/06/06 04:44:23 INFO  - jmeter.threads.JMeterThread: Thread started: Thread Group 1-50 
2016/06/06 04:44:24 INFO  - jmeter.threads.JMeterThread: Thread finished: Thread Group 1-46 
2016/06/06 04:44:24 INFO  - jmeter.engine.StandardJMeterEngine: Ending thread Thread Group 1-46 
2016/06/06 04:44:24 INFO  - jmeter.threads.JMeterThread: Thread started: Thread Group 1-51 
2016/06/06 04:44:24 INFO  - jmeter.threads.JMeterThread: Thread finished: Thread Group 1-44 
2016/06/06 04:44:24 INFO  - jmeter.engine.StandardJMeterEngine: Ending thread Thread Group 1-44 
2016/06/06 04:44:24 INFO  - jmeter.threads.JMeterThread: Thread started: Thread Group 1-52 
2016/06/06 04:44:24 INFO  - jmeter.threads.JMeterThread: Thread finished: Thread Group 1-48 
2016/06/06 04:44:24 INFO  - jmeter.engine.StandardJMeterEngine: Ending thread Thread Group 1-48 
2016/06/06 04:44:24 INFO  - jmeter.threads.JMeterThread: Thread finished: Thread Group 1-50 
2016/06/06 04:44:24 INFO  - jmeter.engine.StandardJMeterEngine: Ending thread Thread Group 1-50 
2016/06/06 04:44:24 INFO  - jmeter.threads.JMeterThread: Thread started: Thread Group 1-53 
2016/06/06 04:44:24 INFO  - jmeter.threads.JMeterThread: Thread finished: Thread Group 1-51 
2016/06/06 04:44:24 INFO  - jmeter.engine.StandardJMeterEngine: Ending thread Thread Group 1-51 
2016/06/06 04:44:24 INFO  - jmeter.threads.JMeterThread: Thread finished: Thread Group 1-47 
2016/06/06 04:44:24 INFO  - jmeter.engine.StandardJMeterEngine: Ending thread Thread Group 1-47 
2016/06/06 04:44:24 INFO  - jmeter.threads.JMeterThread: Thread started: Thread Group 1-54 
2016/06/06 04:44:24 INFO  - jmeter.threads.JMeterThread: Thread started: Thread Group 1-55 
2016/06/06 04:44:24 INFO  - jmeter.threads.JMeterThread: Thread started: Thread Group 1-56 
2016/06/06 04:44:24 INFO  - jmeter.threads.JMeterThread: Thread started: Thread Group 1-57 
2016/06/06 04:44:24 INFO  - jmeter.threads.JMeterThread: Thread finished: Thread Group 1-53 
2016/06/06 04:44:24 INFO  - jmeter.engine.StandardJMeterEngine: Ending thread Thread Group 1-53 
2016/06/06 04:44:24 INFO  - jmeter.threads.JMeterThread: Thread started: Thread Group 1-58 
2016/06/06 04:44:24 INFO  - jmeter.threads.JMeterThread: Thread finished: Thread Group 1-49 
2016/06/06 04:44:24 INFO  - jmeter.engine.StandardJMeterEngine: Ending thread Thread Group 1-49 
2016/06/06 04:44:25 INFO  - jmeter.threads.JMeterThread: Thread finished: Thread Group 1-54 
2016/06/06 04:44:25 INFO  - jmeter.engine.StandardJMeterEngine: Ending thread Thread Group 1-54 
2016/06/06 04:44:25 INFO  - jmeter.threads.JMeterThread: Thread started: Thread Group 1-59 
2016/06/06 04:44:25 INFO  - jmeter.threads.JMeterThread: Thread finished: Thread Group 1-55 
2016/06/06 04:44:25 INFO  - jmeter.engine.StandardJMeterEngine: Ending thread Thread Group 1-55 
2016/06/06 04:44:25 INFO  - jmeter.threads.JMeterThread: Thread started: Thread Group 1-60 
2016/06/06 04:44:25 INFO  - jmeter.threads.JMeterThread: Thread finished: Thread Group 1-52 
2016/06/06 04:44:25 INFO  - jmeter.engine.StandardJMeterEngine: Ending thread Thread Group 1-52 
2016/06/06 04:44:25 INFO  - jmeter.threads.JMeterThread: Thread finished: Thread Group 1-56 
2016/06/06 04:44:25 INFO  - jmeter.engine.StandardJMeterEngine: Ending thread Thread Group 1-56 
2016/06/06 04:44:25 INFO  - jmeter.threads.JMeterThread: Thread finished: Thread Group 1-58 
2016/06/06 04:44:25 INFO  - jmeter.engine.StandardJMeterEngine: Ending thread Thread Group 1-58 
2016/06/06 04:44:25 INFO  - jmeter.threads.JMeterThread: Thread started: Thread Group 1-61 
2016/06/06 04:44:25 INFO  - jmeter.threads.JMeterThread: Thread started: Thread Group 1-62 
