2016/06/06 04:40:43 INFO  - jmeter.util.JMeterUtils: Setting Locale to en_US 
2016/06/06 04:40:43 INFO  - jmeter.JMeter: Loading user properties from: /Users/chennareddy/.jenkins/workspace/Performance_Testing_Jmeter/target/jmeter/bin/user.properties 
2016/06/06 04:40:43 INFO  - jmeter.JMeter: Loading system properties from: /Users/chennareddy/.jenkins/workspace/Performance_Testing_Jmeter/target/jmeter/bin/system.properties 
2016/06/06 04:40:43 INFO  - jmeter.JMeter: Copyright (c) 1998-2012 The Apache Software Foundation 
2016/06/06 04:40:43 INFO  - jmeter.JMeter: Version 2.6 r1237317 
2016/06/06 04:40:43 INFO  - jmeter.JMeter: java.version=1.8.0_71 
2016/06/06 04:40:43 INFO  - jmeter.JMeter: java.vm.name=Java HotSpot(TM) 64-Bit Server VM 
2016/06/06 04:40:43 INFO  - jmeter.JMeter: os.name=Mac OS X 
2016/06/06 04:40:43 INFO  - jmeter.JMeter: os.arch=x86_64 
2016/06/06 04:40:43 INFO  - jmeter.JMeter: os.version=10.11.5 
2016/06/06 04:40:43 INFO  - jmeter.JMeter: file.encoding=UTF-8 
2016/06/06 04:40:43 INFO  - jmeter.JMeter: Default Locale=English (United States) 
2016/06/06 04:40:43 INFO  - jmeter.JMeter: JMeter  Locale=English (United States) 
2016/06/06 04:40:43 INFO  - jmeter.JMeter: JMeterHome=/Users/chennareddy/.jenkins/workspace/Performance_Testing_Jmeter/target/jmeter 
2016/06/06 04:40:43 INFO  - jmeter.JMeter: user.dir  =/Users/chennareddy/.jenkins/workspace/Performance_Testing_Jmeter/target/jmeter/bin 
2016/06/06 04:40:43 INFO  - jmeter.JMeter: PWD       =/Users/chennareddy/.jenkins/workspace/Performance_Testing_Jmeter/target/jmeter/bin 
2016/06/06 04:40:43 INFO  - jmeter.JMeter: IP: 192.168.2.1 Name: mche.local FullName: 192.168.2.1 
2016/06/06 04:40:43 INFO  - jmeter.services.FileServer: Set new base='/Users/chennareddy/.jenkins/workspace/Performance_Testing_Jmeter/src/test/jmeter' 
2016/06/06 04:40:43 INFO  - jmeter.JMeter: Loading file: /Users/chennareddy/.jenkins/workspace/Performance_Testing_Jmeter/src/test/jmeter/Create_account_beanshell.jmx 
2016/06/06 04:40:44 INFO  - jmeter.engine.StandardJMeterEngine: Running the test! 
2016/06/06 04:40:44 INFO  - jmeter.JMeter: Running test (1465213244046) 
2016/06/06 04:40:44 INFO  - jmeter.engine.StandardJMeterEngine: Starting 500 threads for group Create_account. 
2016/06/06 04:40:44 INFO  - jmeter.engine.StandardJMeterEngine: Test will stop on error 
2016/06/06 04:40:44 INFO  - jmeter.threads.JMeterThread: Thread started: Create_account 1-1 
2016/06/06 04:40:44 INFO  - jmeter.util.BeanShellTestElement: testbean 
2016/06/06 04:40:44 INFO  - jmeter.util.BeanShellTestElement: testben0@gmail.com 
2016/06/06 04:40:44 INFO  - jmeter.threads.JMeterThread: Thread started: Create_account 1-2 
2016/06/06 04:40:44 INFO  - jmeter.util.BeanShellTestElement: testbean 
2016/06/06 04:40:44 INFO  - jmeter.util.BeanShellTestElement: testben1@gmail.com 
2016/06/06 04:40:44 INFO  - jmeter.util.JsseSSLManager: Using default SSL protocol: TLS 
2016/06/06 04:40:44 INFO  - jmeter.util.JsseSSLManager: SSL session context: per-thread 
2016/06/06 04:40:44 INFO  - jmeter.util.SSLManager: JmeterKeyStore Location:  type JKS 
2016/06/06 04:40:44 INFO  - jmeter.util.SSLManager: JmeterKeyStore Location:  type JKS 
2016/06/06 04:40:44 INFO  - jmeter.util.SSLManager: KeyStore created OK 
2016/06/06 04:40:44 INFO  - jmeter.util.SSLManager: KeyStore created OK 
2016/06/06 04:40:44 WARN  - jmeter.util.SSLManager: Keystore file not found, loading empty keystore 
2016/06/06 04:40:44 WARN  - jmeter.util.SSLManager: Keystore file not found, loading empty keystore 
2016/06/06 04:40:44 INFO  - jmeter.threads.JMeterThread: Thread started: Create_account 1-3 
2016/06/06 04:40:44 INFO  - jmeter.util.BeanShellTestElement: testbean 
2016/06/06 04:40:44 INFO  - jmeter.util.BeanShellTestElement: testben2@gmail.com 
2016/06/06 04:40:44 INFO  - jmeter.threads.JMeterThread: Thread started: Create_account 1-4 
2016/06/06 04:40:44 INFO  - jmeter.util.BeanShellTestElement: testbean 
2016/06/06 04:40:44 INFO  - jmeter.util.BeanShellTestElement: testben3@gmail.com 
2016/06/06 04:40:44 INFO  - jmeter.threads.JMeterThread: Thread started: Create_account 1-5 
2016/06/06 04:40:44 INFO  - jmeter.util.BeanShellTestElement: testbean 
2016/06/06 04:40:44 INFO  - jmeter.util.BeanShellTestElement: testben4@gmail.com 
2016/06/06 04:40:44 INFO  - jmeter.threads.JMeterThread: Thread started: Create_account 1-6 
2016/06/06 04:40:44 INFO  - jmeter.util.BeanShellTestElement: testbean 
2016/06/06 04:40:44 INFO  - jmeter.util.BeanShellTestElement: testben5@gmail.com 
2016/06/06 04:40:44 INFO  - jmeter.threads.JMeterThread: Thread started: Create_account 1-7 
2016/06/06 04:40:44 INFO  - jmeter.util.BeanShellTestElement: testbean 
2016/06/06 04:40:44 INFO  - jmeter.util.BeanShellTestElement: testben6@gmail.com 
2016/06/06 04:40:45 INFO  - jmeter.threads.JMeterThread: Thread started: Create_account 1-8 
2016/06/06 04:40:45 INFO  - jmeter.util.BeanShellTestElement: testbean 
2016/06/06 04:40:45 INFO  - jmeter.util.BeanShellTestElement: testben7@gmail.com 
2016/06/06 04:40:45 INFO  - jmeter.threads.JMeterThread: Thread started: Create_account 1-9 
2016/06/06 04:40:45 INFO  - jmeter.util.BeanShellTestElement: testbean 
2016/06/06 04:40:45 INFO  - jmeter.util.BeanShellTestElement: testben8@gmail.com 
2016/06/06 04:40:45 INFO  - jmeter.threads.JMeterThread: Thread started: Create_account 1-10 
2016/06/06 04:40:45 INFO  - jmeter.util.BeanShellTestElement: testbean 
2016/06/06 04:40:45 INFO  - jmeter.util.BeanShellTestElement: testben9@gmail.com 
2016/06/06 04:40:45 INFO  - jmeter.threads.JMeterThread: Thread started: Create_account 1-11 
2016/06/06 04:40:45 INFO  - jmeter.util.BeanShellTestElement: testbean 
2016/06/06 04:40:45 INFO  - jmeter.util.BeanShellTestElement: testben10@gmail.com 
2016/06/06 04:40:45 INFO  - jmeter.threads.JMeterThread: Thread started: Create_account 1-12 
2016/06/06 04:40:45 INFO  - jmeter.util.BeanShellTestElement: testbean 
2016/06/06 04:40:45 INFO  - jmeter.util.BeanShellTestElement: testben11@gmail.com 
2016/06/06 04:40:45 INFO  - jmeter.threads.JMeterThread: Thread started: Create_account 1-13 
2016/06/06 04:40:45 INFO  - jmeter.util.BeanShellTestElement: testbean 
2016/06/06 04:40:45 INFO  - jmeter.util.BeanShellTestElement: testben12@gmail.com 
2016/06/06 04:40:45 INFO  - jmeter.threads.JMeterThread: Thread started: Create_account 1-14 
2016/06/06 04:40:45 INFO  - jmeter.util.BeanShellTestElement: testbean 
2016/06/06 04:40:45 INFO  - jmeter.util.BeanShellTestElement: testben13@gmail.com 
2016/06/06 04:40:45 INFO  - jmeter.threads.JMeterThread: Thread started: Create_account 1-15 
2016/06/06 04:40:45 INFO  - jmeter.util.BeanShellTestElement: testbean 
2016/06/06 04:40:45 INFO  - jmeter.util.BeanShellTestElement: testben14@gmail.com 
2016/06/06 04:40:46 INFO  - jmeter.threads.JMeterThread: Thread started: Create_account 1-16 
2016/06/06 04:40:46 INFO  - jmeter.util.BeanShellTestElement: testbean 
2016/06/06 04:40:46 INFO  - jmeter.util.BeanShellTestElement: testben15@gmail.com 
2016/06/06 04:40:46 INFO  - jmeter.threads.JMeterThread: Thread started: Create_account 1-17 
2016/06/06 04:40:46 INFO  - jmeter.util.BeanShellTestElement: testbean 
2016/06/06 04:40:46 INFO  - jmeter.util.BeanShellTestElement: testben16@gmail.com 
2016/06/06 04:40:46 INFO  - jmeter.threads.JMeterThread: Thread started: Create_account 1-18 
2016/06/06 04:40:46 INFO  - jmeter.util.BeanShellTestElement: testbean 
2016/06/06 04:40:46 INFO  - jmeter.util.BeanShellTestElement: testben17@gmail.com 
2016/06/06 04:40:46 INFO  - jmeter.threads.JMeterThread: Thread started: Create_account 1-19 
2016/06/06 04:40:46 INFO  - jmeter.util.BeanShellTestElement: testbean 
2016/06/06 04:40:46 INFO  - jmeter.util.BeanShellTestElement: testben18@gmail.com 
2016/06/06 04:40:46 INFO  - jmeter.threads.JMeterThread: Thread started: Create_account 1-20 
2016/06/06 04:40:46 INFO  - jmeter.util.BeanShellTestElement: testbean 
2016/06/06 04:40:46 INFO  - jmeter.util.BeanShellTestElement: testben19@gmail.com 
2016/06/06 04:40:46 INFO  - jmeter.threads.JMeterThread: Thread started: Create_account 1-21 
2016/06/06 04:40:46 INFO  - jmeter.util.BeanShellTestElement: testbean 
2016/06/06 04:40:46 INFO  - jmeter.util.BeanShellTestElement: testben20@gmail.com 
2016/06/06 04:40:46 INFO  - jmeter.threads.JMeterThread: Thread started: Create_account 1-22 
2016/06/06 04:40:46 INFO  - jmeter.util.BeanShellTestElement: testbean 
2016/06/06 04:40:46 INFO  - jmeter.util.BeanShellTestElement: testben21@gmail.com 
2016/06/06 04:40:46 INFO  - jmeter.threads.JMeterThread: Thread started: Create_account 1-23 
2016/06/06 04:40:46 INFO  - jmeter.util.BeanShellTestElement: testbean 
2016/06/06 04:40:46 INFO  - jmeter.util.BeanShellTestElement: testben22@gmail.com 
2016/06/06 04:40:46 INFO  - jmeter.threads.JMeterThread: Thread started: Create_account 1-24 
2016/06/06 04:40:46 INFO  - jmeter.util.BeanShellTestElement: testbean 
2016/06/06 04:40:46 INFO  - jmeter.util.BeanShellTestElement: testben23@gmail.com 
2016/06/06 04:40:47 INFO  - jmeter.threads.JMeterThread: Thread started: Create_account 1-25 
2016/06/06 04:40:47 INFO  - jmeter.util.BeanShellTestElement: testbean 
2016/06/06 04:40:47 INFO  - jmeter.util.BeanShellTestElement: testben24@gmail.com 
2016/06/06 04:40:47 INFO  - jmeter.threads.JMeterThread: Thread started: Create_account 1-26 
2016/06/06 04:40:47 INFO  - jmeter.util.BeanShellTestElement: testbean 
2016/06/06 04:40:47 INFO  - jmeter.util.BeanShellTestElement: testben25@gmail.com 
2016/06/06 04:40:47 INFO  - jmeter.threads.JMeterThread: Thread started: Create_account 1-27 
2016/06/06 04:40:47 INFO  - jmeter.util.BeanShellTestElement: testbean 
2016/06/06 04:40:47 INFO  - jmeter.util.BeanShellTestElement: testben26@gmail.com 
2016/06/06 04:40:47 INFO  - jmeter.threads.JMeterThread: Thread started: Create_account 1-28 
2016/06/06 04:40:47 INFO  - jmeter.util.BeanShellTestElement: testbean 
2016/06/06 04:40:47 INFO  - jmeter.util.BeanShellTestElement: testben27@gmail.com 
2016/06/06 04:40:47 INFO  - jmeter.threads.JMeterThread: Thread started: Create_account 1-29 
2016/06/06 04:40:47 INFO  - jmeter.util.BeanShellTestElement: testbean 
2016/06/06 04:40:47 INFO  - jmeter.util.BeanShellTestElement: testben28@gmail.com 
2016/06/06 04:40:47 INFO  - jmeter.threads.JMeterThread: Thread started: Create_account 1-30 
2016/06/06 04:40:47 INFO  - jmeter.util.BeanShellTestElement: testbean 
2016/06/06 04:40:47 INFO  - jmeter.util.BeanShellTestElement: testben29@gmail.com 
2016/06/06 04:40:47 INFO  - jmeter.threads.JMeterThread: Thread started: Create_account 1-31 
2016/06/06 04:40:47 INFO  - jmeter.util.BeanShellTestElement: testbean 
2016/06/06 04:40:47 INFO  - jmeter.util.BeanShellTestElement: testben30@gmail.com 
2016/06/06 04:40:47 INFO  - jmeter.threads.JMeterThread: Thread started: Create_account 1-32 
2016/06/06 04:40:47 INFO  - jmeter.util.BeanShellTestElement: testbean 
2016/06/06 04:40:47 INFO  - jmeter.util.BeanShellTestElement: testben31@gmail.com 
2016/06/06 04:40:47 INFO  - jmeter.threads.JMeterThread: Thread started: Create_account 1-33 
2016/06/06 04:40:47 INFO  - jmeter.util.BeanShellTestElement: testbean 
2016/06/06 04:40:47 INFO  - jmeter.util.BeanShellTestElement: testben32@gmail.com 
2016/06/06 04:40:48 INFO  - jmeter.threads.JMeterThread: Thread started: Create_account 1-34 
2016/06/06 04:40:48 INFO  - jmeter.util.BeanShellTestElement: testbean 
2016/06/06 04:40:48 INFO  - jmeter.util.BeanShellTestElement: testben33@gmail.com 
2016/06/06 04:40:48 INFO  - jmeter.threads.JMeterThread: Thread started: Create_account 1-35 
2016/06/06 04:40:48 INFO  - jmeter.util.BeanShellTestElement: testbean 
2016/06/06 04:40:48 INFO  - jmeter.util.BeanShellTestElement: testben34@gmail.com 
2016/06/06 04:40:48 INFO  - jmeter.threads.JMeterThread: Thread started: Create_account 1-36 
2016/06/06 04:40:48 INFO  - jmeter.util.BeanShellTestElement: testbean 
2016/06/06 04:40:48 INFO  - jmeter.util.BeanShellTestElement: testben35@gmail.com 
2016/06/06 04:40:48 INFO  - jmeter.threads.JMeterThread: Thread started: Create_account 1-37 
2016/06/06 04:40:48 INFO  - jmeter.util.BeanShellTestElement: testbean 
2016/06/06 04:40:48 INFO  - jmeter.util.BeanShellTestElement: testben36@gmail.com 
2016/06/06 04:40:48 INFO  - jmeter.threads.JMeterThread: Thread started: Create_account 1-38 
2016/06/06 04:40:48 INFO  - jmeter.util.BeanShellTestElement: testbean 
2016/06/06 04:40:48 INFO  - jmeter.util.BeanShellTestElement: testben37@gmail.com 
2016/06/06 04:40:48 INFO  - jmeter.threads.JMeterThread: Thread started: Create_account 1-39 
2016/06/06 04:40:48 INFO  - jmeter.util.BeanShellTestElement: testbean 
2016/06/06 04:40:48 INFO  - jmeter.util.BeanShellTestElement: testben38@gmail.com 
2016/06/06 04:40:48 INFO  - jmeter.threads.JMeterThread: Thread started: Create_account 1-40 
2016/06/06 04:40:48 INFO  - jmeter.util.BeanShellTestElement: testbean 
2016/06/06 04:40:48 INFO  - jmeter.util.BeanShellTestElement: testben39@gmail.com 
2016/06/06 04:40:48 INFO  - jmeter.threads.JMeterThread: Thread started: Create_account 1-41 
2016/06/06 04:40:48 INFO  - jmeter.util.BeanShellTestElement: testbean 
2016/06/06 04:40:48 INFO  - jmeter.util.BeanShellTestElement: testben40@gmail.com 
2016/06/06 04:40:48 INFO  - jmeter.threads.JMeterThread: Thread started: Create_account 1-42 
2016/06/06 04:40:48 INFO  - jmeter.util.BeanShellTestElement: testbean 
2016/06/06 04:40:48 INFO  - jmeter.util.BeanShellTestElement: testben41@gmail.com 
2016/06/06 04:40:49 INFO  - jmeter.threads.JMeterThread: Thread started: Create_account 1-43 
2016/06/06 04:40:49 INFO  - jmeter.util.BeanShellTestElement: testbean 
2016/06/06 04:40:49 INFO  - jmeter.util.BeanShellTestElement: testben42@gmail.com 
2016/06/06 04:40:49 INFO  - jmeter.threads.JMeterThread: Thread started: Create_account 1-44 
2016/06/06 04:40:49 INFO  - jmeter.util.BeanShellTestElement: testbean 
2016/06/06 04:40:49 INFO  - jmeter.util.BeanShellTestElement: testben43@gmail.com 
2016/06/06 04:40:49 INFO  - jmeter.engine.StandardJMeterEngine: All threads have been started 
2016/06/06 04:40:49 INFO  - jmeter.threads.JMeterThread: Thread started: Create_account 1-45 
2016/06/06 04:40:49 INFO  - jmeter.util.BeanShellTestElement: testbean 
2016/06/06 04:40:49 INFO  - jmeter.util.BeanShellTestElement: testben44@gmail.com 
2016/06/06 04:40:49 INFO  - jmeter.threads.JMeterThread: Thread started: Create_account 1-46 
2016/06/06 04:40:49 INFO  - jmeter.util.BeanShellTestElement: testbean 
2016/06/06 04:40:49 INFO  - jmeter.util.BeanShellTestElement: testben45@gmail.com 
2016/06/06 04:40:49 INFO  - jmeter.threads.JMeterThread: Thread started: Create_account 1-47 
2016/06/06 04:40:49 INFO  - jmeter.util.BeanShellTestElement: testbean 
2016/06/06 04:40:49 INFO  - jmeter.util.BeanShellTestElement: testben46@gmail.com 
2016/06/06 04:40:49 INFO  - jmeter.threads.JMeterThread: Thread started: Create_account 1-48 
2016/06/06 04:40:49 INFO  - jmeter.util.BeanShellTestElement: testbean 
2016/06/06 04:40:49 INFO  - jmeter.util.BeanShellTestElement: testben47@gmail.com 
2016/06/06 04:40:49 INFO  - jmeter.threads.JMeterThread: Thread started: Create_account 1-49 
2016/06/06 04:40:49 INFO  - jmeter.util.BeanShellTestElement: testbean 
2016/06/06 04:40:49 INFO  - jmeter.util.BeanShellTestElement: testben48@gmail.com 
2016/06/06 04:40:49 INFO  - jmeter.threads.JMeterThread: Thread started: Create_account 1-50 
2016/06/06 04:40:49 INFO  - jmeter.util.BeanShellTestElement: testbean 
2016/06/06 04:40:49 INFO  - jmeter.util.BeanShellTestElement: testben49@gmail.com 
2016/06/06 04:40:49 INFO  - jmeter.threads.JMeterThread: Thread started: Create_account 1-51 
2016/06/06 04:40:49 INFO  - jmeter.util.BeanShellTestElement: testbean 
2016/06/06 04:40:49 INFO  - jmeter.util.BeanShellTestElement: testben50@gmail.com 
2016/06/06 04:40:50 INFO  - jmeter.threads.JMeterThread: Thread started: Create_account 1-52 
2016/06/06 04:40:50 INFO  - jmeter.util.BeanShellTestElement: testbean 
2016/06/06 04:40:50 INFO  - jmeter.util.BeanShellTestElement: testben51@gmail.com 
2016/06/06 04:40:50 INFO  - jmeter.threads.JMeterThread: Thread started: Create_account 1-53 
2016/06/06 04:40:50 INFO  - jmeter.util.BeanShellTestElement: testbean 
2016/06/06 04:40:50 INFO  - jmeter.util.BeanShellTestElement: testben52@gmail.com 
2016/06/06 04:40:50 INFO  - jmeter.threads.JMeterThread: Thread started: Create_account 1-54 
2016/06/06 04:40:50 INFO  - jmeter.util.BeanShellTestElement: testbean 
2016/06/06 04:40:50 INFO  - jmeter.util.BeanShellTestElement: testben53@gmail.com 
2016/06/06 04:40:50 INFO  - jmeter.threads.JMeterThread: Thread started: Create_account 1-55 
2016/06/06 04:40:50 INFO  - jmeter.util.BeanShellTestElement: testbean 
2016/06/06 04:40:50 INFO  - jmeter.util.BeanShellTestElement: testben54@gmail.com 
2016/06/06 04:40:50 INFO  - jmeter.threads.JMeterThread: Thread started: Create_account 1-56 
2016/06/06 04:40:50 INFO  - jmeter.util.BeanShellTestElement: testbean 
2016/06/06 04:40:50 INFO  - jmeter.util.BeanShellTestElement: testben55@gmail.com 
2016/06/06 04:40:50 INFO  - jmeter.threads.JMeterThread: Thread started: Create_account 1-57 
2016/06/06 04:40:50 INFO  - jmeter.util.BeanShellTestElement: testbean 
2016/06/06 04:40:50 INFO  - jmeter.util.BeanShellTestElement: testben56@gmail.com 
2016/06/06 04:40:50 INFO  - jmeter.threads.JMeterThread: Thread started: Create_account 1-58 
2016/06/06 04:40:50 INFO  - jmeter.util.BeanShellTestElement: testbean 
2016/06/06 04:40:50 INFO  - jmeter.util.BeanShellTestElement: testben57@gmail.com 
2016/06/06 04:40:50 INFO  - jmeter.threads.JMeterThread: Thread started: Create_account 1-59 
2016/06/06 04:40:50 INFO  - jmeter.util.BeanShellTestElement: testbean 
2016/06/06 04:40:50 INFO  - jmeter.util.BeanShellTestElement: testben58@gmail.com 
2016/06/06 04:40:51 INFO  - jmeter.threads.JMeterThread: Thread started: Create_account 1-60 
2016/06/06 04:40:51 INFO  - jmeter.util.BeanShellTestElement: testbean 
2016/06/06 04:40:51 INFO  - jmeter.util.BeanShellTestElement: testben59@gmail.com 
2016/06/06 04:40:51 INFO  - jmeter.threads.JMeterThread: Thread started: Create_account 1-61 
2016/06/06 04:40:51 INFO  - jmeter.util.BeanShellTestElement: testbean 
2016/06/06 04:40:51 INFO  - jmeter.util.BeanShellTestElement: testben60@gmail.com 
2016/06/06 04:40:51 INFO  - jmeter.threads.JMeterThread: Thread started: Create_account 1-62 
2016/06/06 04:40:51 INFO  - jmeter.util.BeanShellTestElement: testbean 
2016/06/06 04:40:51 INFO  - jmeter.util.BeanShellTestElement: testben61@gmail.com 
2016/06/06 04:40:51 INFO  - jmeter.threads.JMeterThread: Thread started: Create_account 1-63 
2016/06/06 04:40:51 INFO  - jmeter.util.BeanShellTestElement: testbean 
2016/06/06 04:40:51 INFO  - jmeter.util.BeanShellTestElement: testben62@gmail.com 
2016/06/06 04:40:51 INFO  - jmeter.threads.JMeterThread: Thread started: Create_account 1-64 
2016/06/06 04:40:51 INFO  - jmeter.util.BeanShellTestElement: testbean 
2016/06/06 04:40:51 INFO  - jmeter.util.BeanShellTestElement: testben63@gmail.com 
