2016/06/06 04:41:33 INFO  - jmeter.util.JMeterUtils: Setting Locale to en_US 
2016/06/06 04:41:33 INFO  - jmeter.JMeter: Loading user properties from: /Users/chennareddy/.jenkins/workspace/Performance_Testing_Jmeter/target/jmeter/bin/user.properties 
2016/06/06 04:41:33 INFO  - jmeter.JMeter: Loading system properties from: /Users/chennareddy/.jenkins/workspace/Performance_Testing_Jmeter/target/jmeter/bin/system.properties 
2016/06/06 04:41:33 INFO  - jmeter.JMeter: Copyright (c) 1998-2012 The Apache Software Foundation 
2016/06/06 04:41:33 INFO  - jmeter.JMeter: Version 2.6 r1237317 
2016/06/06 04:41:33 INFO  - jmeter.JMeter: java.version=1.8.0_71 
2016/06/06 04:41:33 INFO  - jmeter.JMeter: java.vm.name=Java HotSpot(TM) 64-Bit Server VM 
2016/06/06 04:41:33 INFO  - jmeter.JMeter: os.name=Mac OS X 
2016/06/06 04:41:33 INFO  - jmeter.JMeter: os.arch=x86_64 
2016/06/06 04:41:33 INFO  - jmeter.JMeter: os.version=10.11.5 
2016/06/06 04:41:33 INFO  - jmeter.JMeter: file.encoding=UTF-8 
2016/06/06 04:41:33 INFO  - jmeter.JMeter: Default Locale=English (United States) 
2016/06/06 04:41:33 INFO  - jmeter.JMeter: JMeter  Locale=English (United States) 
2016/06/06 04:41:33 INFO  - jmeter.JMeter: JMeterHome=/Users/chennareddy/.jenkins/workspace/Performance_Testing_Jmeter/target/jmeter 
2016/06/06 04:41:33 INFO  - jmeter.JMeter: user.dir  =/Users/chennareddy/.jenkins/workspace/Performance_Testing_Jmeter/target/jmeter/bin 
2016/06/06 04:41:33 INFO  - jmeter.JMeter: PWD       =/Users/chennareddy/.jenkins/workspace/Performance_Testing_Jmeter/target/jmeter/bin 
2016/06/06 04:41:33 INFO  - jmeter.JMeter: IP: 192.168.2.1 Name: mche.local FullName: 192.168.2.1 
2016/06/06 04:41:33 INFO  - jmeter.services.FileServer: Set new base='/Users/chennareddy/.jenkins/workspace/Performance_Testing_Jmeter/src/test/jmeter' 
2016/06/06 04:41:33 INFO  - jmeter.JMeter: Loading file: /Users/chennareddy/.jenkins/workspace/Performance_Testing_Jmeter/src/test/jmeter/Login_logout_Cookies Manager.jmx 
2016/06/06 04:41:33 INFO  - jmeter.protocol.http.control.CookieManager: Settings: Delete null: true Check: true Allow variable: true Save: false Prefix: COOKIE_ 
2016/06/06 04:41:33 INFO  - jmeter.threads.JMeterThread: Thread started: Create_account 1-446 
2016/06/06 04:41:33 INFO  - jmeter.engine.StandardJMeterEngine: Running the test! 
2016/06/06 04:41:33 INFO  - jmeter.util.BeanShellTestElement: testbean 
2016/06/06 04:41:33 INFO  - jmeter.util.BeanShellTestElement: testben445@gmail.com 
2016/06/06 04:41:33 INFO  - jmeter.JMeter: Running test (1465213293279) 
2016/06/06 04:41:33 INFO  - jmeter.threads.JMeterThread: Thread started: Create_account 1-447 
2016/06/06 04:41:33 INFO  - jmeter.engine.StandardJMeterEngine: Starting 500 threads for group Correlation. 
2016/06/06 04:41:33 INFO  - jmeter.engine.StandardJMeterEngine: Test will stop on error 
2016/06/06 04:41:33 ERROR - jmeter.protocol.http.sampler.HTTPJavaImpl: readResponse: java.io.IOException: Server returned HTTP response code: 503 for URL: https://handstandapp.com/ 
2016/06/06 04:41:33 ERROR - jmeter.protocol.http.sampler.HTTPJavaImpl: Cause: java.io.IOException: Server returned HTTP response code: 503 for URL: https://handstandapp.com/ 
2016/06/06 04:41:33 INFO  - jmeter.protocol.http.sampler.HTTPJavaImpl: Error Response Code: 503, Server sent no Errorpage 
2016/06/06 04:41:33 INFO  - jmeter.util.BeanShellTestElement: testbean 
2016/06/06 04:41:33 INFO  - jmeter.util.BeanShellTestElement: testben446@gmail.com 
2016/06/06 04:41:33 INFO  - jmeter.threads.JMeterThread: Stop Test detected by thread: Create_account 1-445 
2016/06/06 04:41:33 INFO  - jmeter.threads.JMeterThread: Thread started: Correlation 1-1 
2016/06/06 04:41:33 INFO  - jmeter.threads.JMeterThread: Thread finished: Create_account 1-445 
2016/06/06 04:41:33 INFO  - jmeter.engine.StandardJMeterEngine: Ending thread Create_account 1-445 
2016/06/06 04:41:33 INFO  - jmeter.threads.JMeterThread: Stopping: Correlation 1-1 
2016/06/06 04:41:33 INFO  - jmeter.threads.JMeterThread: Stopping: Correlation 1-2 
2016/06/06 04:41:33 INFO  - jmeter.threads.JMeterThread: Stopping: Correlation 1-7 
2016/06/06 04:41:33 INFO  - jmeter.threads.JMeterThread: Stopping: Correlation 1-8 
2016/06/06 04:41:33 INFO  - jmeter.threads.JMeterThread: Stopping: Correlation 1-3 
2016/06/06 04:41:33 INFO  - jmeter.threads.JMeterThread: Stopping: Correlation 1-14 
2016/06/06 04:41:33 INFO  - jmeter.threads.JMeterThread: Stopping: Correlation 1-10 
2016/06/06 04:41:33 INFO  - jmeter.threads.JMeterThread: Stopping: Correlation 1-9 
2016/06/06 04:41:33 INFO  - jmeter.threads.JMeterThread: Stopping: Correlation 1-12 
2016/06/06 04:41:33 INFO  - jmeter.threads.JMeterThread: Stopping: Correlation 1-4 
2016/06/06 04:41:33 INFO  - jmeter.threads.JMeterThread: Stopping: Correlation 1-6 
2016/06/06 04:41:33 INFO  - jmeter.threads.JMeterThread: Stopping: Correlation 1-5 
2016/06/06 04:41:33 INFO  - jmeter.threads.JMeterThread: Stopping: Correlation 1-11 
2016/06/06 04:41:33 INFO  - jmeter.threads.JMeterThread: Stopping: Correlation 1-13 
2016/06/06 04:41:33 INFO  - jmeter.threads.JMeterThread: Thread started: Correlation 1-14 
2016/06/06 04:41:33 INFO  - jmeter.threads.JMeterThread: Thread finished: Correlation 1-14 
2016/06/06 04:41:33 INFO  - jmeter.engine.StandardJMeterEngine: Test stopped - no more threads will be started 
2016/06/06 04:41:33 INFO  - jmeter.engine.StandardJMeterEngine: Ending thread Correlation 1-14 
2016/06/06 04:41:33 ERROR - jmeter.protocol.http.sampler.HTTPJavaImpl: readResponse: java.io.IOException: Server returned HTTP response code: 503 for URL: https://handstandapp.com/ 
2016/06/06 04:41:33 ERROR - jmeter.protocol.http.sampler.HTTPJavaImpl: Cause: java.io.IOException: Server returned HTTP response code: 503 for URL: https://handstandapp.com/ 
2016/06/06 04:41:33 INFO  - jmeter.protocol.http.sampler.HTTPJavaImpl: Error Response Code: 503, Server sent no Errorpage 
2016/06/06 04:41:33 INFO  - jmeter.threads.JMeterThread: Stop Test detected by thread: Create_account 1-444 
2016/06/06 04:41:33 INFO  - jmeter.threads.JMeterThread: Thread finished: Create_account 1-444 
2016/06/06 04:41:33 INFO  - jmeter.engine.StandardJMeterEngine: Ending thread Create_account 1-444 
2016/06/06 04:41:33 INFO  - jmeter.threads.JMeterThread: Thread started: Create_account 1-448 
2016/06/06 04:41:33 INFO  - jmeter.util.BeanShellTestElement: testbean 
2016/06/06 04:41:33 INFO  - jmeter.util.BeanShellTestElement: testben447@gmail.com 
2016/06/06 04:41:33 ERROR - jmeter.protocol.http.sampler.HTTPJavaImpl: readResponse: java.io.IOException: Server returned HTTP response code: 503 for URL: https://handstandapp.com/ 
2016/06/06 04:41:33 ERROR - jmeter.protocol.http.sampler.HTTPJavaImpl: Cause: java.io.IOException: Server returned HTTP response code: 503 for URL: https://handstandapp.com/ 
2016/06/06 04:41:33 INFO  - jmeter.protocol.http.sampler.HTTPJavaImpl: Error Response Code: 503, Server sent no Errorpage 
2016/06/06 04:41:33 INFO  - jmeter.threads.JMeterThread: Stop Test detected by thread: Create_account 1-446 
2016/06/06 04:41:33 INFO  - jmeter.threads.JMeterThread: Thread finished: Create_account 1-446 
2016/06/06 04:41:33 INFO  - jmeter.engine.StandardJMeterEngine: Ending thread Create_account 1-446 
2016/06/06 04:41:33 INFO  - jmeter.threads.JMeterThread: Thread started: Correlation 1-2 
2016/06/06 04:41:33 INFO  - jmeter.threads.JMeterThread: Thread finished: Correlation 1-2 
2016/06/06 04:41:33 INFO  - jmeter.engine.StandardJMeterEngine: Ending thread Correlation 1-2 
2016/06/06 04:41:33 INFO  - jmeter.threads.JMeterThread: Thread started: Create_account 1-449 
2016/06/06 04:41:33 INFO  - jmeter.util.BeanShellTestElement: testbean 
2016/06/06 04:41:33 INFO  - jmeter.util.BeanShellTestElement: testben448@gmail.com 
2016/06/06 04:41:33 INFO  - jmeter.threads.JMeterThread: Thread started: Correlation 1-3 
2016/06/06 04:41:33 INFO  - jmeter.threads.JMeterThread: Thread finished: Correlation 1-3 
2016/06/06 04:41:33 INFO  - jmeter.engine.StandardJMeterEngine: Ending thread Correlation 1-3 
2016/06/06 04:41:33 INFO  - jmeter.threads.JMeterThread: Thread started: Create_account 1-450 
2016/06/06 04:41:33 INFO  - jmeter.util.BeanShellTestElement: testbean 
2016/06/06 04:41:33 INFO  - jmeter.util.BeanShellTestElement: testben449@gmail.com 
2016/06/06 04:41:33 ERROR - jmeter.protocol.http.sampler.HTTPJavaImpl: readResponse: java.io.IOException: Server returned HTTP response code: 503 for URL: https://handstandapp.com/ 
2016/06/06 04:41:33 ERROR - jmeter.protocol.http.sampler.HTTPJavaImpl: Cause: java.io.IOException: Server returned HTTP response code: 503 for URL: https://handstandapp.com/ 
2016/06/06 04:41:33 INFO  - jmeter.protocol.http.sampler.HTTPJavaImpl: Error Response Code: 503, Server sent no Errorpage 
2016/06/06 04:41:33 INFO  - jmeter.threads.JMeterThread: Stop Test detected by thread: Create_account 1-447 
2016/06/06 04:41:33 INFO  - jmeter.threads.JMeterThread: Thread finished: Create_account 1-447 
2016/06/06 04:41:33 INFO  - jmeter.engine.StandardJMeterEngine: Ending thread Create_account 1-447 
2016/06/06 04:41:33 ERROR - jmeter.protocol.http.sampler.HTTPJavaImpl: readResponse: java.io.IOException: Server returned HTTP response code: 503 for URL: https://handstandapp.com/ 
2016/06/06 04:41:33 ERROR - jmeter.protocol.http.sampler.HTTPJavaImpl: Cause: java.io.IOException: Server returned HTTP response code: 503 for URL: https://handstandapp.com/ 
2016/06/06 04:41:33 INFO  - jmeter.protocol.http.sampler.HTTPJavaImpl: Error Response Code: 503, Server sent no Errorpage 
2016/06/06 04:41:33 INFO  - jmeter.threads.JMeterThread: Stop Test detected by thread: Create_account 1-448 
2016/06/06 04:41:33 INFO  - jmeter.threads.JMeterThread: Thread finished: Create_account 1-448 
2016/06/06 04:41:33 INFO  - jmeter.engine.StandardJMeterEngine: Ending thread Create_account 1-448 
2016/06/06 04:41:33 INFO  - jmeter.threads.JMeterThread: Thread started: Correlation 1-4 
2016/06/06 04:41:33 INFO  - jmeter.threads.JMeterThread: Thread finished: Correlation 1-4 
2016/06/06 04:41:33 INFO  - jmeter.engine.StandardJMeterEngine: Ending thread Correlation 1-4 
2016/06/06 04:41:33 INFO  - jmeter.threads.JMeterThread: Thread started: Create_account 1-451 
2016/06/06 04:41:33 INFO  - jmeter.util.BeanShellTestElement: testbean 
2016/06/06 04:41:33 INFO  - jmeter.util.BeanShellTestElement: testben450@gmail.com 
2016/06/06 04:41:33 ERROR - jmeter.protocol.http.sampler.HTTPJavaImpl: readResponse: java.io.IOException: Server returned HTTP response code: 503 for URL: https://handstandapp.com/ 
2016/06/06 04:41:33 ERROR - jmeter.protocol.http.sampler.HTTPJavaImpl: Cause: java.io.IOException: Server returned HTTP response code: 503 for URL: https://handstandapp.com/ 
2016/06/06 04:41:33 INFO  - jmeter.protocol.http.sampler.HTTPJavaImpl: Error Response Code: 503, Server sent no Errorpage 
2016/06/06 04:41:33 INFO  - jmeter.threads.JMeterThread: Stop Test detected by thread: Create_account 1-449 
2016/06/06 04:41:33 INFO  - jmeter.threads.JMeterThread: Thread finished: Create_account 1-449 
2016/06/06 04:41:33 INFO  - jmeter.engine.StandardJMeterEngine: Ending thread Create_account 1-449 
2016/06/06 04:41:33 INFO  - jmeter.threads.JMeterThread: Thread started: Correlation 1-5 
2016/06/06 04:41:33 INFO  - jmeter.threads.JMeterThread: Thread finished: Correlation 1-5 
2016/06/06 04:41:33 INFO  - jmeter.engine.StandardJMeterEngine: Ending thread Correlation 1-5 
2016/06/06 04:41:33 INFO  - jmeter.threads.JMeterThread: Thread started: Create_account 1-452 
2016/06/06 04:41:33 INFO  - jmeter.util.BeanShellTestElement: testbean 
2016/06/06 04:41:33 INFO  - jmeter.util.BeanShellTestElement: testben451@gmail.com 
2016/06/06 04:41:33 INFO  - jmeter.threads.JMeterThread: Thread started: Correlation 1-6 
2016/06/06 04:41:33 INFO  - jmeter.threads.JMeterThread: Thread finished: Correlation 1-6 
2016/06/06 04:41:33 INFO  - jmeter.engine.StandardJMeterEngine: Ending thread Correlation 1-6 
2016/06/06 04:41:34 INFO  - jmeter.threads.JMeterThread: Thread started: Create_account 1-453 
2016/06/06 04:41:34 INFO  - jmeter.util.BeanShellTestElement: testbean 
2016/06/06 04:41:34 INFO  - jmeter.util.BeanShellTestElement: testben452@gmail.com 
2016/06/06 04:41:34 ERROR - jmeter.protocol.http.sampler.HTTPJavaImpl: readResponse: java.io.IOException: Server returned HTTP response code: 503 for URL: https://handstandapp.com/ 
2016/06/06 04:41:34 ERROR - jmeter.protocol.http.sampler.HTTPJavaImpl: Cause: java.io.IOException: Server returned HTTP response code: 503 for URL: https://handstandapp.com/ 
2016/06/06 04:41:34 INFO  - jmeter.protocol.http.sampler.HTTPJavaImpl: Error Response Code: 503, Server sent no Errorpage 
2016/06/06 04:41:34 INFO  - jmeter.threads.JMeterThread: Stop Test detected by thread: Create_account 1-451 
2016/06/06 04:41:34 INFO  - jmeter.threads.JMeterThread: Thread finished: Create_account 1-451 
2016/06/06 04:41:34 INFO  - jmeter.engine.StandardJMeterEngine: Ending thread Create_account 1-451 
2016/06/06 04:41:34 INFO  - jmeter.threads.JMeterThread: Thread started: Correlation 1-7 
2016/06/06 04:41:34 INFO  - jmeter.threads.JMeterThread: Thread finished: Correlation 1-7 
2016/06/06 04:41:34 INFO  - jmeter.engine.StandardJMeterEngine: Ending thread Correlation 1-7 
2016/06/06 04:41:34 INFO  - jmeter.threads.JMeterThread: Thread started: Create_account 1-454 
2016/06/06 04:41:34 INFO  - jmeter.util.BeanShellTestElement: testbean 
2016/06/06 04:41:34 INFO  - jmeter.util.BeanShellTestElement: testben453@gmail.com 
2016/06/06 04:41:34 ERROR - jmeter.protocol.http.sampler.HTTPJavaImpl: readResponse: java.io.IOException: Server returned HTTP response code: 503 for URL: https://handstandapp.com/ 
2016/06/06 04:41:34 ERROR - jmeter.protocol.http.sampler.HTTPJavaImpl: Cause: java.io.IOException: Server returned HTTP response code: 503 for URL: https://handstandapp.com/ 
2016/06/06 04:41:34 INFO  - jmeter.protocol.http.sampler.HTTPJavaImpl: Error Response Code: 503, Server sent no Errorpage 
2016/06/06 04:41:34 INFO  - jmeter.threads.JMeterThread: Stop Test detected by thread: Create_account 1-452 
2016/06/06 04:41:34 INFO  - jmeter.threads.JMeterThread: Thread finished: Create_account 1-452 
2016/06/06 04:41:34 INFO  - jmeter.engine.StandardJMeterEngine: Ending thread Create_account 1-452 
2016/06/06 04:41:34 INFO  - jmeter.threads.JMeterThread: Thread started: Correlation 1-8 
2016/06/06 04:41:34 INFO  - jmeter.threads.JMeterThread: Thread finished: Correlation 1-8 
2016/06/06 04:41:34 INFO  - jmeter.engine.StandardJMeterEngine: Ending thread Correlation 1-8 
2016/06/06 04:41:34 INFO  - jmeter.threads.JMeterThread: Thread started: Create_account 1-455 
2016/06/06 04:41:34 INFO  - jmeter.util.BeanShellTestElement: testbean 
2016/06/06 04:41:34 INFO  - jmeter.util.BeanShellTestElement: testben454@gmail.com 
2016/06/06 04:41:34 INFO  - jmeter.threads.JMeterThread: Thread started: Correlation 1-9 
2016/06/06 04:41:34 INFO  - jmeter.threads.JMeterThread: Thread finished: Correlation 1-9 
2016/06/06 04:41:34 INFO  - jmeter.engine.StandardJMeterEngine: Ending thread Correlation 1-9 
2016/06/06 04:41:34 ERROR - jmeter.protocol.http.sampler.HTTPJavaImpl: readResponse: java.io.IOException: Server returned HTTP response code: 503 for URL: https://handstandapp.com/ 
2016/06/06 04:41:34 ERROR - jmeter.protocol.http.sampler.HTTPJavaImpl: Cause: java.io.IOException: Server returned HTTP response code: 503 for URL: https://handstandapp.com/ 
2016/06/06 04:41:34 INFO  - jmeter.protocol.http.sampler.HTTPJavaImpl: Error Response Code: 503, Server sent no Errorpage 
2016/06/06 04:41:34 INFO  - jmeter.threads.JMeterThread: Stop Test detected by thread: Create_account 1-453 
2016/06/06 04:41:34 INFO  - jmeter.threads.JMeterThread: Thread finished: Create_account 1-453 
2016/06/06 04:41:34 INFO  - jmeter.engine.StandardJMeterEngine: Ending thread Create_account 1-453 
2016/06/06 04:41:34 INFO  - jmeter.threads.JMeterThread: Thread started: Create_account 1-456 
2016/06/06 04:41:34 INFO  - jmeter.util.BeanShellTestElement: testbean 
2016/06/06 04:41:34 INFO  - jmeter.util.BeanShellTestElement: testben455@gmail.com 
2016/06/06 04:41:34 INFO  - jmeter.threads.JMeterThread: Thread started: Correlation 1-10 
2016/06/06 04:41:34 INFO  - jmeter.threads.JMeterThread: Thread finished: Correlation 1-10 
2016/06/06 04:41:34 INFO  - jmeter.engine.StandardJMeterEngine: Ending thread Correlation 1-10 
2016/06/06 04:41:34 ERROR - jmeter.protocol.http.sampler.HTTPJavaImpl: readResponse: java.io.IOException: Server returned HTTP response code: 503 for URL: https://handstandapp.com/ 
2016/06/06 04:41:34 ERROR - jmeter.protocol.http.sampler.HTTPJavaImpl: Cause: java.io.IOException: Server returned HTTP response code: 503 for URL: https://handstandapp.com/ 
2016/06/06 04:41:34 INFO  - jmeter.protocol.http.sampler.HTTPJavaImpl: Error Response Code: 503, Server sent no Errorpage 
2016/06/06 04:41:34 INFO  - jmeter.threads.JMeterThread: Stop Test detected by thread: Create_account 1-454 
2016/06/06 04:41:34 INFO  - jmeter.threads.JMeterThread: Thread finished: Create_account 1-454 
2016/06/06 04:41:34 INFO  - jmeter.engine.StandardJMeterEngine: Ending thread Create_account 1-454 
2016/06/06 04:41:34 INFO  - jmeter.threads.JMeterThread: Thread started: Create_account 1-457 
2016/06/06 04:41:34 INFO  - jmeter.util.BeanShellTestElement: testbean 
2016/06/06 04:41:34 INFO  - jmeter.util.BeanShellTestElement: testben456@gmail.com 
2016/06/06 04:41:34 INFO  - jmeter.threads.JMeterThread: Thread started: Correlation 1-12 
2016/06/06 04:41:34 INFO  - jmeter.threads.JMeterThread: Thread started: Correlation 1-11 
2016/06/06 04:41:34 INFO  - jmeter.threads.JMeterThread: Thread finished: Correlation 1-12 
2016/06/06 04:41:34 INFO  - jmeter.threads.JMeterThread: Thread finished: Correlation 1-11 
2016/06/06 04:41:34 INFO  - jmeter.engine.StandardJMeterEngine: Ending thread Correlation 1-12 
2016/06/06 04:41:34 INFO  - jmeter.engine.StandardJMeterEngine: Ending thread Correlation 1-11 
2016/06/06 04:41:34 INFO  - jmeter.threads.JMeterThread: Thread started: Correlation 1-13 
2016/06/06 04:41:34 INFO  - jmeter.threads.JMeterThread: Thread finished: Correlation 1-13 
2016/06/06 04:41:34 INFO  - jmeter.engine.StandardJMeterEngine: Ending thread Correlation 1-13 
2016/06/06 04:41:34 ERROR - jmeter.protocol.http.sampler.HTTPJavaImpl: readResponse: java.io.IOException: Server returned HTTP response code: 503 for URL: https://handstandapp.com/ 
2016/06/06 04:41:34 ERROR - jmeter.protocol.http.sampler.HTTPJavaImpl: Cause: java.io.IOException: Server returned HTTP response code: 503 for URL: https://handstandapp.com/ 
2016/06/06 04:41:34 INFO  - jmeter.protocol.http.sampler.HTTPJavaImpl: Error Response Code: 503, Server sent no Errorpage 
2016/06/06 04:41:34 INFO  - jmeter.threads.JMeterThread: Stop Test detected by thread: Create_account 1-455 
2016/06/06 04:41:34 INFO  - jmeter.threads.JMeterThread: Thread finished: Create_account 1-455 
2016/06/06 04:41:34 INFO  - jmeter.engine.StandardJMeterEngine: Ending thread Create_account 1-455 
2016/06/06 04:41:34 ERROR - jmeter.protocol.http.sampler.HTTPJavaImpl: readResponse: java.io.IOException: Server returned HTTP response code: 503 for URL: https://handstandapp.com/ 
2016/06/06 04:41:34 ERROR - jmeter.protocol.http.sampler.HTTPJavaImpl: Cause: java.io.IOException: Server returned HTTP response code: 503 for URL: https://handstandapp.com/ 
2016/06/06 04:41:34 INFO  - jmeter.protocol.http.sampler.HTTPJavaImpl: Error Response Code: 503, Server sent no Errorpage 
2016/06/06 04:41:34 INFO  - jmeter.threads.JMeterThread: Stop Test detected by thread: Correlation 1-1 
2016/06/06 04:41:34 INFO  - jmeter.threads.JMeterThread: Thread finished: Correlation 1-1 
2016/06/06 04:41:34 INFO  - jmeter.engine.StandardJMeterEngine: Ending thread Correlation 1-1 
2016/06/06 04:41:34 INFO  - jmeter.threads.JMeterThread: Thread started: Create_account 1-458 
2016/06/06 04:41:34 INFO  - jmeter.util.BeanShellTestElement: testbean 
2016/06/06 04:41:34 INFO  - jmeter.util.BeanShellTestElement: testben457@gmail.com 
2016/06/06 04:41:34 ERROR - jmeter.protocol.http.sampler.HTTPJavaImpl: readResponse: java.io.IOException: Server returned HTTP response code: 503 for URL: https://handstandapp.com/ 
2016/06/06 04:41:34 ERROR - jmeter.protocol.http.sampler.HTTPJavaImpl: Cause: java.io.IOException: Server returned HTTP response code: 503 for URL: https://handstandapp.com/ 
2016/06/06 04:41:34 INFO  - jmeter.protocol.http.sampler.HTTPJavaImpl: Error Response Code: 503, Server sent no Errorpage 
2016/06/06 04:41:34 INFO  - jmeter.threads.JMeterThread: Stop Test detected by thread: Create_account 1-456 
2016/06/06 04:41:34 INFO  - jmeter.threads.JMeterThread: Thread finished: Create_account 1-456 
2016/06/06 04:41:34 INFO  - jmeter.engine.StandardJMeterEngine: Ending thread Create_account 1-456 
2016/06/06 04:41:34 INFO  - jmeter.threads.JMeterThread: Thread started: Create_account 1-459 
2016/06/06 04:41:34 INFO  - jmeter.util.BeanShellTestElement: testbean 
2016/06/06 04:41:34 INFO  - jmeter.util.BeanShellTestElement: testben458@gmail.com 
2016/06/06 04:41:34 ERROR - jmeter.protocol.http.sampler.HTTPJavaImpl: readResponse: java.io.IOException: Server returned HTTP response code: 503 for URL: https://handstandapp.com/ 
2016/06/06 04:41:34 ERROR - jmeter.protocol.http.sampler.HTTPJavaImpl: Cause: java.io.IOException: Server returned HTTP response code: 503 for URL: https://handstandapp.com/ 
2016/06/06 04:41:34 INFO  - jmeter.protocol.http.sampler.HTTPJavaImpl: Error Response Code: 503, Server sent no Errorpage 
2016/06/06 04:41:34 INFO  - jmeter.threads.JMeterThread: Stop Test detected by thread: Create_account 1-450 
2016/06/06 04:41:34 INFO  - jmeter.threads.JMeterThread: Thread finished: Create_account 1-450 
2016/06/06 04:41:34 INFO  - jmeter.engine.StandardJMeterEngine: Ending thread Create_account 1-450 
2016/06/06 04:41:34 ERROR - jmeter.protocol.http.sampler.HTTPJavaImpl: readResponse: java.io.IOException: Server returned HTTP response code: 503 for URL: https://handstandapp.com/ 
2016/06/06 04:41:34 ERROR - jmeter.protocol.http.sampler.HTTPJavaImpl: Cause: java.io.IOException: Server returned HTTP response code: 503 for URL: https://handstandapp.com/ 
2016/06/06 04:41:34 INFO  - jmeter.protocol.http.sampler.HTTPJavaImpl: Error Response Code: 503, Server sent no Errorpage 
2016/06/06 04:41:34 INFO  - jmeter.threads.JMeterThread: Stop Test detected by thread: Create_account 1-457 
2016/06/06 04:41:34 INFO  - jmeter.threads.JMeterThread: Thread finished: Create_account 1-457 
2016/06/06 04:41:34 INFO  - jmeter.engine.StandardJMeterEngine: Ending thread Create_account 1-457 
2016/06/06 04:41:34 INFO  - jmeter.threads.JMeterThread: Thread started: Create_account 1-460 
2016/06/06 04:41:34 INFO  - jmeter.util.BeanShellTestElement: testbean 
2016/06/06 04:41:34 INFO  - jmeter.util.BeanShellTestElement: testben459@gmail.com 
2016/06/06 04:41:34 ERROR - jmeter.protocol.http.sampler.HTTPJavaImpl: readResponse: java.io.IOException: Server returned HTTP response code: 503 for URL: https://handstandapp.com/ 
2016/06/06 04:41:34 ERROR - jmeter.protocol.http.sampler.HTTPJavaImpl: Cause: java.io.IOException: Server returned HTTP response code: 503 for URL: https://handstandapp.com/ 
2016/06/06 04:41:34 INFO  - jmeter.protocol.http.sampler.HTTPJavaImpl: Error Response Code: 503, Server sent no Errorpage 
2016/06/06 04:41:34 INFO  - jmeter.threads.JMeterThread: Stop Test detected by thread: Create_account 1-458 
2016/06/06 04:41:34 INFO  - jmeter.threads.JMeterThread: Thread finished: Create_account 1-458 
2016/06/06 04:41:34 INFO  - jmeter.engine.StandardJMeterEngine: Ending thread Create_account 1-458 
2016/06/06 04:41:34 INFO  - jmeter.threads.JMeterThread: Thread started: Correlation 1-15 
2016/06/06 04:41:34 INFO  - jmeter.threads.JMeterThread: Thread started: Create_account 1-461 
2016/06/06 04:41:34 INFO  - jmeter.util.BeanShellTestElement: testbean 
2016/06/06 04:41:34 INFO  - jmeter.util.BeanShellTestElement: testben460@gmail.com 
2016/06/06 04:41:34 ERROR - jmeter.protocol.http.sampler.HTTPJavaImpl: readResponse: java.io.IOException: Server returned HTTP response code: 503 for URL: https://handstandapp.com/ 
2016/06/06 04:41:34 ERROR - jmeter.protocol.http.sampler.HTTPJavaImpl: Cause: java.io.IOException: Server returned HTTP response code: 503 for URL: https://handstandapp.com/ 
2016/06/06 04:41:34 INFO  - jmeter.protocol.http.sampler.HTTPJavaImpl: Error Response Code: 503, Server sent no Errorpage 
2016/06/06 04:41:34 INFO  - jmeter.threads.JMeterThread: Stop Test detected by thread: Create_account 1-459 
2016/06/06 04:41:34 INFO  - jmeter.threads.JMeterThread: Thread finished: Create_account 1-459 
2016/06/06 04:41:34 INFO  - jmeter.engine.StandardJMeterEngine: Ending thread Create_account 1-459 
2016/06/06 04:41:34 INFO  - jmeter.threads.JMeterThread: Thread started: Create_account 1-462 
2016/06/06 04:41:34 INFO  - jmeter.util.BeanShellTestElement: testbean 
2016/06/06 04:41:34 INFO  - jmeter.util.BeanShellTestElement: testben461@gmail.com 
2016/06/06 04:41:35 ERROR - jmeter.protocol.http.sampler.HTTPJavaImpl: readResponse: java.io.IOException: Server returned HTTP response code: 503 for URL: https://handstandapp.com/ 
2016/06/06 04:41:35 ERROR - jmeter.protocol.http.sampler.HTTPJavaImpl: Cause: java.io.IOException: Server returned HTTP response code: 503 for URL: https://handstandapp.com/ 
2016/06/06 04:41:35 INFO  - jmeter.protocol.http.sampler.HTTPJavaImpl: Error Response Code: 503, Server sent no Errorpage 
2016/06/06 04:41:35 INFO  - jmeter.threads.JMeterThread: Stop Test detected by thread: Create_account 1-460 
2016/06/06 04:41:35 INFO  - jmeter.threads.JMeterThread: Thread finished: Create_account 1-460 
2016/06/06 04:41:35 INFO  - jmeter.engine.StandardJMeterEngine: Ending thread Create_account 1-460 
2016/06/06 04:41:35 INFO  - jmeter.threads.JMeterThread: Thread started: Create_account 1-463 
2016/06/06 04:41:35 INFO  - jmeter.util.BeanShellTestElement: testbean 
2016/06/06 04:41:35 INFO  - jmeter.util.BeanShellTestElement: testben462@gmail.com 
2016/06/06 04:41:35 ERROR - jmeter.protocol.http.sampler.HTTPJavaImpl: readResponse: java.io.IOException: Server returned HTTP response code: 503 for URL: https://handstandapp.com/ 
2016/06/06 04:41:35 ERROR - jmeter.protocol.http.sampler.HTTPJavaImpl: Cause: java.io.IOException: Server returned HTTP response code: 503 for URL: https://handstandapp.com/ 
2016/06/06 04:41:35 INFO  - jmeter.protocol.http.sampler.HTTPJavaImpl: Error Response Code: 503, Server sent no Errorpage 
2016/06/06 04:41:35 INFO  - jmeter.threads.JMeterThread: Stop Test detected by thread: Correlation 1-15 
2016/06/06 04:41:35 INFO  - jmeter.threads.JMeterThread: Thread finished: Correlation 1-15 
2016/06/06 04:41:35 INFO  - jmeter.engine.StandardJMeterEngine: Ending thread Correlation 1-15 
2016/06/06 04:41:35 INFO  - jmeter.engine.StandardJMeterEngine: Notifying test listeners of end of test 
2016/06/06 04:41:35 INFO  - jmeter.engine.StandardJMeterEngine: Test has ended on host null 
2016/06/06 04:41:35 ERROR - jmeter.protocol.http.sampler.HTTPJavaImpl: readResponse: java.io.IOException: Server returned HTTP response code: 503 for URL: https://handstandapp.com/ 
2016/06/06 04:41:35 ERROR - jmeter.protocol.http.sampler.HTTPJavaImpl: Cause: java.io.IOException: Server returned HTTP response code: 503 for URL: https://handstandapp.com/ 
2016/06/06 04:41:35 INFO  - jmeter.protocol.http.sampler.HTTPJavaImpl: Error Response Code: 503, Server sent no Errorpage 
2016/06/06 04:41:35 INFO  - jmeter.threads.JMeterThread: Stop Test detected by thread: Create_account 1-461 
2016/06/06 04:41:35 INFO  - jmeter.threads.JMeterThread: Thread finished: Create_account 1-461 
2016/06/06 04:41:35 INFO  - jmeter.engine.StandardJMeterEngine: Ending thread Create_account 1-461 
2016/06/06 04:41:35 INFO  - jmeter.threads.JMeterThread: Thread started: Create_account 1-464 
2016/06/06 04:41:35 INFO  - jmeter.util.BeanShellTestElement: testbean 
2016/06/06 04:41:35 INFO  - jmeter.util.BeanShellTestElement: testben463@gmail.com 
2016/06/06 04:41:35 ERROR - jmeter.protocol.http.sampler.HTTPJavaImpl: readResponse: java.io.IOException: Server returned HTTP response code: 503 for URL: https://handstandapp.com/ 
2016/06/06 04:41:35 ERROR - jmeter.protocol.http.sampler.HTTPJavaImpl: Cause: java.io.IOException: Server returned HTTP response code: 503 for URL: https://handstandapp.com/ 
2016/06/06 04:41:35 INFO  - jmeter.protocol.http.sampler.HTTPJavaImpl: Error Response Code: 503, Server sent no Errorpage 
2016/06/06 04:41:35 INFO  - jmeter.threads.JMeterThread: Stop Test detected by thread: Create_account 1-462 
2016/06/06 04:41:35 INFO  - jmeter.threads.JMeterThread: Thread finished: Create_account 1-462 
2016/06/06 04:41:35 INFO  - jmeter.engine.StandardJMeterEngine: Ending thread Create_account 1-462 
2016/06/06 04:41:35 INFO  - jmeter.threads.JMeterThread: Thread started: Create_account 1-465 
2016/06/06 04:41:35 INFO  - jmeter.util.BeanShellTestElement: testbean 
2016/06/06 04:41:35 INFO  - jmeter.util.BeanShellTestElement: testben464@gmail.com 
2016/06/06 04:41:35 ERROR - jmeter.protocol.http.sampler.HTTPJavaImpl: readResponse: java.io.IOException: Server returned HTTP response code: 503 for URL: https://handstandapp.com/ 
2016/06/06 04:41:35 ERROR - jmeter.protocol.http.sampler.HTTPJavaImpl: Cause: java.io.IOException: Server returned HTTP response code: 503 for URL: https://handstandapp.com/ 
2016/06/06 04:41:35 INFO  - jmeter.protocol.http.sampler.HTTPJavaImpl: Error Response Code: 503, Server sent no Errorpage 
2016/06/06 04:41:35 INFO  - jmeter.threads.JMeterThread: Stop Test detected by thread: Create_account 1-463 
2016/06/06 04:41:35 INFO  - jmeter.threads.JMeterThread: Thread finished: Create_account 1-463 
2016/06/06 04:41:35 INFO  - jmeter.engine.StandardJMeterEngine: Ending thread Create_account 1-463 
2016/06/06 04:41:35 INFO  - jmeter.threads.JMeterThread: Thread started: Create_account 1-466 
2016/06/06 04:41:35 INFO  - jmeter.util.BeanShellTestElement: testbean 
2016/06/06 04:41:35 INFO  - jmeter.util.BeanShellTestElement: testben465@gmail.com 
2016/06/06 04:41:35 ERROR - jmeter.protocol.http.sampler.HTTPJavaImpl: readResponse: java.io.IOException: Server returned HTTP response code: 503 for URL: https://handstandapp.com/ 
2016/06/06 04:41:35 ERROR - jmeter.protocol.http.sampler.HTTPJavaImpl: Cause: java.io.IOException: Server returned HTTP response code: 503 for URL: https://handstandapp.com/ 
2016/06/06 04:41:35 INFO  - jmeter.protocol.http.sampler.HTTPJavaImpl: Error Response Code: 503, Server sent no Errorpage 
2016/06/06 04:41:35 INFO  - jmeter.threads.JMeterThread: Stop Test detected by thread: Create_account 1-464 
2016/06/06 04:41:35 INFO  - jmeter.threads.JMeterThread: Thread finished: Create_account 1-464 
2016/06/06 04:41:35 INFO  - jmeter.engine.StandardJMeterEngine: Ending thread Create_account 1-464 
2016/06/06 04:41:35 INFO  - jmeter.threads.JMeterThread: Thread started: Create_account 1-467 
2016/06/06 04:41:35 INFO  - jmeter.util.BeanShellTestElement: testbean 
2016/06/06 04:41:35 INFO  - jmeter.util.BeanShellTestElement: testben466@gmail.com 
2016/06/06 04:41:35 ERROR - jmeter.protocol.http.sampler.HTTPJavaImpl: readResponse: java.io.IOException: Server returned HTTP response code: 503 for URL: https://handstandapp.com/ 
2016/06/06 04:41:35 ERROR - jmeter.protocol.http.sampler.HTTPJavaImpl: Cause: java.io.IOException: Server returned HTTP response code: 503 for URL: https://handstandapp.com/ 
2016/06/06 04:41:35 INFO  - jmeter.protocol.http.sampler.HTTPJavaImpl: Error Response Code: 503, Server sent no Errorpage 
2016/06/06 04:41:35 INFO  - jmeter.threads.JMeterThread: Stop Test detected by thread: Create_account 1-465 
2016/06/06 04:41:35 INFO  - jmeter.threads.JMeterThread: Thread finished: Create_account 1-465 
2016/06/06 04:41:35 INFO  - jmeter.engine.StandardJMeterEngine: Ending thread Create_account 1-465 
2016/06/06 04:41:35 INFO  - jmeter.threads.JMeterThread: Thread started: Create_account 1-468 
2016/06/06 04:41:35 INFO  - jmeter.util.BeanShellTestElement: testbean 
2016/06/06 04:41:35 INFO  - jmeter.util.BeanShellTestElement: testben467@gmail.com 
2016/06/06 04:41:35 ERROR - jmeter.protocol.http.sampler.HTTPJavaImpl: readResponse: java.io.IOException: Server returned HTTP response code: 503 for URL: https://handstandapp.com/ 
2016/06/06 04:41:35 ERROR - jmeter.protocol.http.sampler.HTTPJavaImpl: Cause: java.io.IOException: Server returned HTTP response code: 503 for URL: https://handstandapp.com/ 
2016/06/06 04:41:35 INFO  - jmeter.protocol.http.sampler.HTTPJavaImpl: Error Response Code: 503, Server sent no Errorpage 
2016/06/06 04:41:35 INFO  - jmeter.threads.JMeterThread: Stop Test detected by thread: Create_account 1-466 
2016/06/06 04:41:35 INFO  - jmeter.threads.JMeterThread: Thread finished: Create_account 1-466 
2016/06/06 04:41:35 INFO  - jmeter.engine.StandardJMeterEngine: Ending thread Create_account 1-466 
2016/06/06 04:41:35 INFO  - jmeter.threads.JMeterThread: Thread started: Create_account 1-469 
2016/06/06 04:41:35 INFO  - jmeter.util.BeanShellTestElement: testbean 
2016/06/06 04:41:35 INFO  - jmeter.util.BeanShellTestElement: testben468@gmail.com 
2016/06/06 04:41:35 ERROR - jmeter.protocol.http.sampler.HTTPJavaImpl: readResponse: java.io.IOException: Server returned HTTP response code: 503 for URL: https://handstandapp.com/ 
2016/06/06 04:41:35 ERROR - jmeter.protocol.http.sampler.HTTPJavaImpl: Cause: java.io.IOException: Server returned HTTP response code: 503 for URL: https://handstandapp.com/ 
2016/06/06 04:41:35 INFO  - jmeter.protocol.http.sampler.HTTPJavaImpl: Error Response Code: 503, Server sent no Errorpage 
2016/06/06 04:41:35 INFO  - jmeter.threads.JMeterThread: Stop Test detected by thread: Create_account 1-467 
2016/06/06 04:41:35 INFO  - jmeter.threads.JMeterThread: Thread finished: Create_account 1-467 
2016/06/06 04:41:35 INFO  - jmeter.engine.StandardJMeterEngine: Ending thread Create_account 1-467 
2016/06/06 04:41:35 INFO  - jmeter.threads.JMeterThread: Thread started: Create_account 1-470 
2016/06/06 04:41:35 INFO  - jmeter.util.BeanShellTestElement: testbean 
2016/06/06 04:41:35 INFO  - jmeter.util.BeanShellTestElement: testben469@gmail.com 
2016/06/06 04:41:35 ERROR - jmeter.protocol.http.sampler.HTTPJavaImpl: readResponse: java.io.IOException: Server returned HTTP response code: 503 for URL: https://handstandapp.com/ 
2016/06/06 04:41:35 ERROR - jmeter.protocol.http.sampler.HTTPJavaImpl: Cause: java.io.IOException: Server returned HTTP response code: 503 for URL: https://handstandapp.com/ 
2016/06/06 04:41:35 INFO  - jmeter.protocol.http.sampler.HTTPJavaImpl: Error Response Code: 503, Server sent no Errorpage 
2016/06/06 04:41:35 INFO  - jmeter.threads.JMeterThread: Stop Test detected by thread: Create_account 1-468 
2016/06/06 04:41:35 INFO  - jmeter.threads.JMeterThread: Thread finished: Create_account 1-468 
2016/06/06 04:41:35 INFO  - jmeter.engine.StandardJMeterEngine: Ending thread Create_account 1-468 
2016/06/06 04:41:35 INFO  - jmeter.threads.JMeterThread: Thread started: Create_account 1-471 
2016/06/06 04:41:35 INFO  - jmeter.util.BeanShellTestElement: testbean 
2016/06/06 04:41:35 INFO  - jmeter.util.BeanShellTestElement: testben470@gmail.com 
2016/06/06 04:41:35 ERROR - jmeter.protocol.http.sampler.HTTPJavaImpl: readResponse: java.io.IOException: Server returned HTTP response code: 503 for URL: https://handstandapp.com/ 
2016/06/06 04:41:35 ERROR - jmeter.protocol.http.sampler.HTTPJavaImpl: Cause: java.io.IOException: Server returned HTTP response code: 503 for URL: https://handstandapp.com/ 
2016/06/06 04:41:35 INFO  - jmeter.protocol.http.sampler.HTTPJavaImpl: Error Response Code: 503, Server sent no Errorpage 
2016/06/06 04:41:35 INFO  - jmeter.threads.JMeterThread: Stop Test detected by thread: Create_account 1-469 
2016/06/06 04:41:35 INFO  - jmeter.threads.JMeterThread: Thread finished: Create_account 1-469 
2016/06/06 04:41:35 INFO  - jmeter.engine.StandardJMeterEngine: Ending thread Create_account 1-469 
2016/06/06 04:41:36 INFO  - jmeter.threads.JMeterThread: Thread started: Create_account 1-472 
2016/06/06 04:41:36 INFO  - jmeter.util.BeanShellTestElement: testbean 
2016/06/06 04:41:36 INFO  - jmeter.util.BeanShellTestElement: testben471@gmail.com 
2016/06/06 04:41:36 ERROR - jmeter.protocol.http.sampler.HTTPJavaImpl: readResponse: java.io.IOException: Server returned HTTP response code: 503 for URL: https://handstandapp.com/ 
2016/06/06 04:41:36 ERROR - jmeter.protocol.http.sampler.HTTPJavaImpl: Cause: java.io.IOException: Server returned HTTP response code: 503 for URL: https://handstandapp.com/ 
2016/06/06 04:41:36 INFO  - jmeter.protocol.http.sampler.HTTPJavaImpl: Error Response Code: 503, Server sent no Errorpage 
2016/06/06 04:41:36 INFO  - jmeter.threads.JMeterThread: Stop Test detected by thread: Create_account 1-470 
2016/06/06 04:41:36 INFO  - jmeter.threads.JMeterThread: Thread finished: Create_account 1-470 
2016/06/06 04:41:36 INFO  - jmeter.engine.StandardJMeterEngine: Ending thread Create_account 1-470 
2016/06/06 04:41:36 INFO  - jmeter.threads.JMeterThread: Thread started: Create_account 1-473 
2016/06/06 04:41:36 INFO  - jmeter.util.BeanShellTestElement: testbean 
2016/06/06 04:41:36 INFO  - jmeter.util.BeanShellTestElement: testben472@gmail.com 
2016/06/06 04:41:36 ERROR - jmeter.protocol.http.sampler.HTTPJavaImpl: readResponse: java.io.IOException: Server returned HTTP response code: 503 for URL: https://handstandapp.com/ 
2016/06/06 04:41:36 ERROR - jmeter.protocol.http.sampler.HTTPJavaImpl: Cause: java.io.IOException: Server returned HTTP response code: 503 for URL: https://handstandapp.com/ 
2016/06/06 04:41:36 INFO  - jmeter.protocol.http.sampler.HTTPJavaImpl: Error Response Code: 503, Server sent no Errorpage 
2016/06/06 04:41:36 INFO  - jmeter.threads.JMeterThread: Stop Test detected by thread: Create_account 1-471 
2016/06/06 04:41:36 INFO  - jmeter.threads.JMeterThread: Thread finished: Create_account 1-471 
2016/06/06 04:41:36 INFO  - jmeter.engine.StandardJMeterEngine: Ending thread Create_account 1-471 
2016/06/06 04:41:36 INFO  - jmeter.threads.JMeterThread: Thread started: Create_account 1-474 
2016/06/06 04:41:36 INFO  - jmeter.util.BeanShellTestElement: testbean 
2016/06/06 04:41:36 INFO  - jmeter.util.BeanShellTestElement: testben473@gmail.com 
2016/06/06 04:41:36 ERROR - jmeter.protocol.http.sampler.HTTPJavaImpl: readResponse: java.io.IOException: Server returned HTTP response code: 503 for URL: https://handstandapp.com/ 
2016/06/06 04:41:36 ERROR - jmeter.protocol.http.sampler.HTTPJavaImpl: Cause: java.io.IOException: Server returned HTTP response code: 503 for URL: https://handstandapp.com/ 
2016/06/06 04:41:36 INFO  - jmeter.protocol.http.sampler.HTTPJavaImpl: Error Response Code: 503, Server sent no Errorpage 
2016/06/06 04:41:36 INFO  - jmeter.threads.JMeterThread: Stop Test detected by thread: Create_account 1-472 
2016/06/06 04:41:36 INFO  - jmeter.threads.JMeterThread: Thread finished: Create_account 1-472 
2016/06/06 04:41:36 INFO  - jmeter.engine.StandardJMeterEngine: Ending thread Create_account 1-472 
2016/06/06 04:41:36 INFO  - jmeter.threads.JMeterThread: Thread started: Create_account 1-475 
2016/06/06 04:41:36 INFO  - jmeter.util.BeanShellTestElement: testbean 
2016/06/06 04:41:36 INFO  - jmeter.util.BeanShellTestElement: testben474@gmail.com 
2016/06/06 04:41:36 ERROR - jmeter.protocol.http.sampler.HTTPJavaImpl: readResponse: java.io.IOException: Server returned HTTP response code: 503 for URL: https://handstandapp.com/ 
2016/06/06 04:41:36 ERROR - jmeter.protocol.http.sampler.HTTPJavaImpl: Cause: java.io.IOException: Server returned HTTP response code: 503 for URL: https://handstandapp.com/ 
2016/06/06 04:41:36 INFO  - jmeter.protocol.http.sampler.HTTPJavaImpl: Error Response Code: 503, Server sent no Errorpage 
2016/06/06 04:41:36 INFO  - jmeter.threads.JMeterThread: Stop Test detected by thread: Create_account 1-473 
2016/06/06 04:41:36 INFO  - jmeter.threads.JMeterThread: Thread finished: Create_account 1-473 
2016/06/06 04:41:36 INFO  - jmeter.engine.StandardJMeterEngine: Ending thread Create_account 1-473 
2016/06/06 04:41:36 ERROR - jmeter.protocol.http.sampler.HTTPJavaImpl: readResponse: java.io.IOException: Server returned HTTP response code: 503 for URL: https://handstandapp.com/ 
2016/06/06 04:41:36 ERROR - jmeter.protocol.http.sampler.HTTPJavaImpl: Cause: java.io.IOException: Server returned HTTP response code: 503 for URL: https://handstandapp.com/ 
2016/06/06 04:41:36 INFO  - jmeter.protocol.http.sampler.HTTPJavaImpl: Error Response Code: 503, Server sent no Errorpage 
2016/06/06 04:41:36 INFO  - jmeter.threads.JMeterThread: Stop Test detected by thread: Create_account 1-474 
2016/06/06 04:41:36 INFO  - jmeter.threads.JMeterThread: Thread finished: Create_account 1-474 
2016/06/06 04:41:36 INFO  - jmeter.engine.StandardJMeterEngine: Ending thread Create_account 1-474 
2016/06/06 04:41:36 INFO  - jmeter.threads.JMeterThread: Thread started: Create_account 1-476 
2016/06/06 04:41:36 INFO  - jmeter.util.BeanShellTestElement: testbean 
2016/06/06 04:41:36 INFO  - jmeter.util.BeanShellTestElement: testben475@gmail.com 
2016/06/06 04:41:36 ERROR - jmeter.protocol.http.sampler.HTTPJavaImpl: readResponse: java.io.IOException: Server returned HTTP response code: 503 for URL: https://handstandapp.com/ 
2016/06/06 04:41:36 ERROR - jmeter.protocol.http.sampler.HTTPJavaImpl: Cause: java.io.IOException: Server returned HTTP response code: 503 for URL: https://handstandapp.com/ 
2016/06/06 04:41:36 INFO  - jmeter.protocol.http.sampler.HTTPJavaImpl: Error Response Code: 503, Server sent no Errorpage 
2016/06/06 04:41:36 INFO  - jmeter.threads.JMeterThread: Stop Test detected by thread: Create_account 1-475 
2016/06/06 04:41:36 INFO  - jmeter.threads.JMeterThread: Thread finished: Create_account 1-475 
2016/06/06 04:41:36 INFO  - jmeter.engine.StandardJMeterEngine: Ending thread Create_account 1-475 
2016/06/06 04:41:36 INFO  - jmeter.threads.JMeterThread: Thread started: Create_account 1-477 
2016/06/06 04:41:36 INFO  - jmeter.util.BeanShellTestElement: testbean 
2016/06/06 04:41:36 INFO  - jmeter.util.BeanShellTestElement: testben476@gmail.com 
2016/06/06 04:41:36 INFO  - jmeter.threads.JMeterThread: Thread started: Create_account 1-478 
2016/06/06 04:41:36 INFO  - jmeter.util.BeanShellTestElement: testbean 
2016/06/06 04:41:36 INFO  - jmeter.util.BeanShellTestElement: testben477@gmail.com 
2016/06/06 04:41:36 ERROR - jmeter.protocol.http.sampler.HTTPJavaImpl: readResponse: java.io.IOException: Server returned HTTP response code: 503 for URL: https://handstandapp.com/ 
2016/06/06 04:41:36 ERROR - jmeter.protocol.http.sampler.HTTPJavaImpl: Cause: java.io.IOException: Server returned HTTP response code: 503 for URL: https://handstandapp.com/ 
2016/06/06 04:41:36 INFO  - jmeter.protocol.http.sampler.HTTPJavaImpl: Error Response Code: 503, Server sent no Errorpage 
2016/06/06 04:41:36 INFO  - jmeter.threads.JMeterThread: Stop Test detected by thread: Create_account 1-476 
2016/06/06 04:41:36 INFO  - jmeter.threads.JMeterThread: Thread finished: Create_account 1-476 
2016/06/06 04:41:36 INFO  - jmeter.engine.StandardJMeterEngine: Ending thread Create_account 1-476 
2016/06/06 04:41:36 INFO  - jmeter.threads.JMeterThread: Thread started: Create_account 1-479 
2016/06/06 04:41:36 INFO  - jmeter.util.BeanShellTestElement: testbean 
2016/06/06 04:41:36 INFO  - jmeter.util.BeanShellTestElement: testben478@gmail.com 
2016/06/06 04:41:36 ERROR - jmeter.protocol.http.sampler.HTTPJavaImpl: readResponse: java.io.IOException: Server returned HTTP response code: 503 for URL: https://handstandapp.com/ 
2016/06/06 04:41:36 ERROR - jmeter.protocol.http.sampler.HTTPJavaImpl: Cause: java.io.IOException: Server returned HTTP response code: 503 for URL: https://handstandapp.com/ 
2016/06/06 04:41:36 INFO  - jmeter.protocol.http.sampler.HTTPJavaImpl: Error Response Code: 503, Server sent no Errorpage 
2016/06/06 04:41:36 INFO  - jmeter.threads.JMeterThread: Stop Test detected by thread: Create_account 1-477 
2016/06/06 04:41:36 INFO  - jmeter.threads.JMeterThread: Thread finished: Create_account 1-477 
2016/06/06 04:41:36 INFO  - jmeter.engine.StandardJMeterEngine: Ending thread Create_account 1-477 
2016/06/06 04:41:36 INFO  - jmeter.threads.JMeterThread: Thread started: Create_account 1-480 
2016/06/06 04:41:36 INFO  - jmeter.util.BeanShellTestElement: testbean 
2016/06/06 04:41:36 INFO  - jmeter.util.BeanShellTestElement: testben479@gmail.com 
2016/06/06 04:41:37 ERROR - jmeter.protocol.http.sampler.HTTPJavaImpl: readResponse: java.io.IOException: Server returned HTTP response code: 503 for URL: https://handstandapp.com/ 
2016/06/06 04:41:37 ERROR - jmeter.protocol.http.sampler.HTTPJavaImpl: Cause: java.io.IOException: Server returned HTTP response code: 503 for URL: https://handstandapp.com/ 
2016/06/06 04:41:37 INFO  - jmeter.protocol.http.sampler.HTTPJavaImpl: Error Response Code: 503, Server sent no Errorpage 
2016/06/06 04:41:37 INFO  - jmeter.threads.JMeterThread: Stop Test detected by thread: Create_account 1-478 
2016/06/06 04:41:37 INFO  - jmeter.threads.JMeterThread: Thread finished: Create_account 1-478 
2016/06/06 04:41:37 INFO  - jmeter.engine.StandardJMeterEngine: Ending thread Create_account 1-478 
2016/06/06 04:41:37 INFO  - jmeter.threads.JMeterThread: Thread started: Create_account 1-481 
2016/06/06 04:41:37 INFO  - jmeter.util.BeanShellTestElement: testbean 
2016/06/06 04:41:37 INFO  - jmeter.util.BeanShellTestElement: testben480@gmail.com 
2016/06/06 04:41:37 ERROR - jmeter.protocol.http.sampler.HTTPJavaImpl: readResponse: java.io.IOException: Server returned HTTP response code: 503 for URL: https://handstandapp.com/ 
2016/06/06 04:41:37 ERROR - jmeter.protocol.http.sampler.HTTPJavaImpl: Cause: java.io.IOException: Server returned HTTP response code: 503 for URL: https://handstandapp.com/ 
2016/06/06 04:41:37 INFO  - jmeter.protocol.http.sampler.HTTPJavaImpl: Error Response Code: 503, Server sent no Errorpage 
2016/06/06 04:41:37 INFO  - jmeter.threads.JMeterThread: Stop Test detected by thread: Create_account 1-479 
2016/06/06 04:41:37 INFO  - jmeter.threads.JMeterThread: Thread finished: Create_account 1-479 
2016/06/06 04:41:37 INFO  - jmeter.engine.StandardJMeterEngine: Ending thread Create_account 1-479 
2016/06/06 04:41:37 INFO  - jmeter.threads.JMeterThread: Thread started: Create_account 1-482 
2016/06/06 04:41:37 INFO  - jmeter.util.BeanShellTestElement: testbean 
2016/06/06 04:41:37 INFO  - jmeter.util.BeanShellTestElement: testben481@gmail.com 
2016/06/06 04:41:37 ERROR - jmeter.protocol.http.sampler.HTTPJavaImpl: readResponse: java.io.IOException: Server returned HTTP response code: 503 for URL: https://handstandapp.com/ 
2016/06/06 04:41:37 ERROR - jmeter.protocol.http.sampler.HTTPJavaImpl: Cause: java.io.IOException: Server returned HTTP response code: 503 for URL: https://handstandapp.com/ 
2016/06/06 04:41:37 INFO  - jmeter.protocol.http.sampler.HTTPJavaImpl: Error Response Code: 503, Server sent no Errorpage 
2016/06/06 04:41:37 INFO  - jmeter.threads.JMeterThread: Stop Test detected by thread: Create_account 1-480 
2016/06/06 04:41:37 INFO  - jmeter.threads.JMeterThread: Thread finished: Create_account 1-480 
2016/06/06 04:41:37 INFO  - jmeter.engine.StandardJMeterEngine: Ending thread Create_account 1-480 
2016/06/06 04:41:37 INFO  - jmeter.threads.JMeterThread: Thread started: Create_account 1-483 
2016/06/06 04:41:37 INFO  - jmeter.util.BeanShellTestElement: testbean 
2016/06/06 04:41:37 INFO  - jmeter.util.BeanShellTestElement: testben482@gmail.com 
2016/06/06 04:41:37 ERROR - jmeter.protocol.http.sampler.HTTPJavaImpl: readResponse: java.io.IOException: Server returned HTTP response code: 503 for URL: https://handstandapp.com/ 
2016/06/06 04:41:37 ERROR - jmeter.protocol.http.sampler.HTTPJavaImpl: Cause: java.io.IOException: Server returned HTTP response code: 503 for URL: https://handstandapp.com/ 
2016/06/06 04:41:37 INFO  - jmeter.protocol.http.sampler.HTTPJavaImpl: Error Response Code: 503, Server sent no Errorpage 
2016/06/06 04:41:37 INFO  - jmeter.threads.JMeterThread: Stop Test detected by thread: Create_account 1-481 
2016/06/06 04:41:37 INFO  - jmeter.threads.JMeterThread: Thread finished: Create_account 1-481 
2016/06/06 04:41:37 INFO  - jmeter.engine.StandardJMeterEngine: Ending thread Create_account 1-481 
2016/06/06 04:41:37 INFO  - jmeter.threads.JMeterThread: Thread started: Create_account 1-484 
2016/06/06 04:41:37 INFO  - jmeter.util.BeanShellTestElement: testbean 
2016/06/06 04:41:37 INFO  - jmeter.util.BeanShellTestElement: testben483@gmail.com 
2016/06/06 04:41:37 ERROR - jmeter.protocol.http.sampler.HTTPJavaImpl: readResponse: java.io.IOException: Server returned HTTP response code: 503 for URL: https://handstandapp.com/ 
2016/06/06 04:41:37 ERROR - jmeter.protocol.http.sampler.HTTPJavaImpl: Cause: java.io.IOException: Server returned HTTP response code: 503 for URL: https://handstandapp.com/ 
2016/06/06 04:41:37 INFO  - jmeter.protocol.http.sampler.HTTPJavaImpl: Error Response Code: 503, Server sent no Errorpage 
2016/06/06 04:41:37 INFO  - jmeter.threads.JMeterThread: Stop Test detected by thread: Create_account 1-482 
2016/06/06 04:41:37 INFO  - jmeter.threads.JMeterThread: Thread finished: Create_account 1-482 
2016/06/06 04:41:37 INFO  - jmeter.engine.StandardJMeterEngine: Ending thread Create_account 1-482 
2016/06/06 04:41:37 INFO  - jmeter.threads.JMeterThread: Thread started: Create_account 1-485 
2016/06/06 04:41:37 INFO  - jmeter.util.BeanShellTestElement: testbean 
2016/06/06 04:41:37 INFO  - jmeter.util.BeanShellTestElement: testben484@gmail.com 
2016/06/06 04:41:37 ERROR - jmeter.protocol.http.sampler.HTTPJavaImpl: readResponse: java.io.IOException: Server returned HTTP response code: 503 for URL: https://handstandapp.com/ 
2016/06/06 04:41:37 ERROR - jmeter.protocol.http.sampler.HTTPJavaImpl: Cause: java.io.IOException: Server returned HTTP response code: 503 for URL: https://handstandapp.com/ 
2016/06/06 04:41:37 INFO  - jmeter.protocol.http.sampler.HTTPJavaImpl: Error Response Code: 503, Server sent no Errorpage 
2016/06/06 04:41:37 INFO  - jmeter.threads.JMeterThread: Stop Test detected by thread: Create_account 1-483 
2016/06/06 04:41:37 INFO  - jmeter.threads.JMeterThread: Thread finished: Create_account 1-483 
2016/06/06 04:41:37 INFO  - jmeter.engine.StandardJMeterEngine: Ending thread Create_account 1-483 
2016/06/06 04:41:37 INFO  - jmeter.threads.JMeterThread: Thread started: Create_account 1-486 
2016/06/06 04:41:37 INFO  - jmeter.util.BeanShellTestElement: testbean 
2016/06/06 04:41:37 INFO  - jmeter.util.BeanShellTestElement: testben485@gmail.com 
2016/06/06 04:41:37 ERROR - jmeter.protocol.http.sampler.HTTPJavaImpl: readResponse: java.io.IOException: Server returned HTTP response code: 503 for URL: https://handstandapp.com/ 
2016/06/06 04:41:37 ERROR - jmeter.protocol.http.sampler.HTTPJavaImpl: Cause: java.io.IOException: Server returned HTTP response code: 503 for URL: https://handstandapp.com/ 
2016/06/06 04:41:37 INFO  - jmeter.protocol.http.sampler.HTTPJavaImpl: Error Response Code: 503, Server sent no Errorpage 
2016/06/06 04:41:37 INFO  - jmeter.threads.JMeterThread: Stop Test detected by thread: Create_account 1-484 
2016/06/06 04:41:37 INFO  - jmeter.threads.JMeterThread: Thread finished: Create_account 1-484 
2016/06/06 04:41:37 INFO  - jmeter.engine.StandardJMeterEngine: Ending thread Create_account 1-484 
2016/06/06 04:41:37 INFO  - jmeter.threads.JMeterThread: Thread started: Create_account 1-487 
2016/06/06 04:41:37 INFO  - jmeter.util.BeanShellTestElement: testbean 
2016/06/06 04:41:37 INFO  - jmeter.util.BeanShellTestElement: testben486@gmail.com 
2016/06/06 04:41:37 ERROR - jmeter.protocol.http.sampler.HTTPJavaImpl: readResponse: java.io.IOException: Server returned HTTP response code: 503 for URL: https://handstandapp.com/ 
2016/06/06 04:41:37 ERROR - jmeter.protocol.http.sampler.HTTPJavaImpl: Cause: java.io.IOException: Server returned HTTP response code: 503 for URL: https://handstandapp.com/ 
2016/06/06 04:41:37 INFO  - jmeter.protocol.http.sampler.HTTPJavaImpl: Error Response Code: 503, Server sent no Errorpage 
2016/06/06 04:41:37 INFO  - jmeter.threads.JMeterThread: Stop Test detected by thread: Create_account 1-485 
2016/06/06 04:41:37 INFO  - jmeter.threads.JMeterThread: Thread finished: Create_account 1-485 
2016/06/06 04:41:37 INFO  - jmeter.engine.StandardJMeterEngine: Ending thread Create_account 1-485 
2016/06/06 04:41:37 INFO  - jmeter.threads.JMeterThread: Thread started: Create_account 1-488 
2016/06/06 04:41:37 INFO  - jmeter.util.BeanShellTestElement: testbean 
2016/06/06 04:41:37 INFO  - jmeter.util.BeanShellTestElement: testben487@gmail.com 
2016/06/06 04:41:37 ERROR - jmeter.protocol.http.sampler.HTTPJavaImpl: readResponse: java.io.IOException: Server returned HTTP response code: 503 for URL: https://handstandapp.com/ 
2016/06/06 04:41:37 ERROR - jmeter.protocol.http.sampler.HTTPJavaImpl: Cause: java.io.IOException: Server returned HTTP response code: 503 for URL: https://handstandapp.com/ 
2016/06/06 04:41:37 INFO  - jmeter.protocol.http.sampler.HTTPJavaImpl: Error Response Code: 503, Server sent no Errorpage 
2016/06/06 04:41:37 INFO  - jmeter.threads.JMeterThread: Stop Test detected by thread: Create_account 1-486 
2016/06/06 04:41:37 INFO  - jmeter.threads.JMeterThread: Thread finished: Create_account 1-486 
2016/06/06 04:41:37 INFO  - jmeter.engine.StandardJMeterEngine: Ending thread Create_account 1-486 
2016/06/06 04:41:37 INFO  - jmeter.threads.JMeterThread: Thread started: Create_account 1-489 
2016/06/06 04:41:37 INFO  - jmeter.util.BeanShellTestElement: testbean 
2016/06/06 04:41:37 INFO  - jmeter.util.BeanShellTestElement: testben488@gmail.com 
2016/06/06 04:41:37 ERROR - jmeter.protocol.http.sampler.HTTPJavaImpl: readResponse: java.io.IOException: Server returned HTTP response code: 503 for URL: https://handstandapp.com/ 
2016/06/06 04:41:37 ERROR - jmeter.protocol.http.sampler.HTTPJavaImpl: Cause: java.io.IOException: Server returned HTTP response code: 503 for URL: https://handstandapp.com/ 
2016/06/06 04:41:37 INFO  - jmeter.protocol.http.sampler.HTTPJavaImpl: Error Response Code: 503, Server sent no Errorpage 
2016/06/06 04:41:37 INFO  - jmeter.threads.JMeterThread: Stop Test detected by thread: Create_account 1-487 
2016/06/06 04:41:37 INFO  - jmeter.threads.JMeterThread: Thread finished: Create_account 1-487 
2016/06/06 04:41:37 INFO  - jmeter.engine.StandardJMeterEngine: Ending thread Create_account 1-487 
2016/06/06 04:41:38 INFO  - jmeter.threads.JMeterThread: Thread started: Create_account 1-490 
2016/06/06 04:41:38 INFO  - jmeter.util.BeanShellTestElement: testbean 
2016/06/06 04:41:38 INFO  - jmeter.util.BeanShellTestElement: testben489@gmail.com 
2016/06/06 04:41:38 ERROR - jmeter.protocol.http.sampler.HTTPJavaImpl: readResponse: java.io.IOException: Server returned HTTP response code: 503 for URL: https://handstandapp.com/ 
2016/06/06 04:41:38 ERROR - jmeter.protocol.http.sampler.HTTPJavaImpl: Cause: java.io.IOException: Server returned HTTP response code: 503 for URL: https://handstandapp.com/ 
2016/06/06 04:41:38 INFO  - jmeter.protocol.http.sampler.HTTPJavaImpl: Error Response Code: 503, Server sent no Errorpage 
2016/06/06 04:41:38 INFO  - jmeter.threads.JMeterThread: Stop Test detected by thread: Create_account 1-488 
2016/06/06 04:41:38 INFO  - jmeter.threads.JMeterThread: Thread finished: Create_account 1-488 
2016/06/06 04:41:38 INFO  - jmeter.engine.StandardJMeterEngine: Ending thread Create_account 1-488 
2016/06/06 04:41:38 INFO  - jmeter.threads.JMeterThread: Thread started: Create_account 1-491 
2016/06/06 04:41:38 INFO  - jmeter.util.BeanShellTestElement: testbean 
2016/06/06 04:41:38 INFO  - jmeter.util.BeanShellTestElement: testben490@gmail.com 
2016/06/06 04:41:38 ERROR - jmeter.protocol.http.sampler.HTTPJavaImpl: readResponse: java.io.IOException: Server returned HTTP response code: 503 for URL: https://handstandapp.com/ 
2016/06/06 04:41:38 ERROR - jmeter.protocol.http.sampler.HTTPJavaImpl: Cause: java.io.IOException: Server returned HTTP response code: 503 for URL: https://handstandapp.com/ 
2016/06/06 04:41:38 INFO  - jmeter.protocol.http.sampler.HTTPJavaImpl: Error Response Code: 503, Server sent no Errorpage 
2016/06/06 04:41:38 INFO  - jmeter.threads.JMeterThread: Stop Test detected by thread: Create_account 1-489 
2016/06/06 04:41:38 INFO  - jmeter.threads.JMeterThread: Thread finished: Create_account 1-489 
2016/06/06 04:41:38 INFO  - jmeter.engine.StandardJMeterEngine: Ending thread Create_account 1-489 
2016/06/06 04:41:38 INFO  - jmeter.threads.JMeterThread: Thread started: Create_account 1-492 
2016/06/06 04:41:38 INFO  - jmeter.util.BeanShellTestElement: testbean 
2016/06/06 04:41:38 INFO  - jmeter.util.BeanShellTestElement: testben491@gmail.com 
2016/06/06 04:41:38 ERROR - jmeter.protocol.http.sampler.HTTPJavaImpl: readResponse: java.io.IOException: Server returned HTTP response code: 503 for URL: https://handstandapp.com/ 
2016/06/06 04:41:38 ERROR - jmeter.protocol.http.sampler.HTTPJavaImpl: Cause: java.io.IOException: Server returned HTTP response code: 503 for URL: https://handstandapp.com/ 
2016/06/06 04:41:38 INFO  - jmeter.protocol.http.sampler.HTTPJavaImpl: Error Response Code: 503, Server sent no Errorpage 
2016/06/06 04:41:38 INFO  - jmeter.threads.JMeterThread: Stop Test detected by thread: Create_account 1-490 
2016/06/06 04:41:38 INFO  - jmeter.threads.JMeterThread: Thread finished: Create_account 1-490 
2016/06/06 04:41:38 INFO  - jmeter.engine.StandardJMeterEngine: Ending thread Create_account 1-490 
2016/06/06 04:41:38 INFO  - jmeter.threads.JMeterThread: Thread started: Create_account 1-493 
2016/06/06 04:41:38 INFO  - jmeter.util.BeanShellTestElement: testbean 
2016/06/06 04:41:38 INFO  - jmeter.util.BeanShellTestElement: testben492@gmail.com 
2016/06/06 04:41:38 ERROR - jmeter.protocol.http.sampler.HTTPJavaImpl: readResponse: java.io.IOException: Server returned HTTP response code: 503 for URL: https://handstandapp.com/ 
2016/06/06 04:41:38 ERROR - jmeter.protocol.http.sampler.HTTPJavaImpl: Cause: java.io.IOException: Server returned HTTP response code: 503 for URL: https://handstandapp.com/ 
2016/06/06 04:41:38 INFO  - jmeter.protocol.http.sampler.HTTPJavaImpl: Error Response Code: 503, Server sent no Errorpage 
2016/06/06 04:41:38 INFO  - jmeter.threads.JMeterThread: Stop Test detected by thread: Create_account 1-491 
2016/06/06 04:41:38 INFO  - jmeter.threads.JMeterThread: Thread finished: Create_account 1-491 
2016/06/06 04:41:38 INFO  - jmeter.engine.StandardJMeterEngine: Ending thread Create_account 1-491 
2016/06/06 04:41:38 INFO  - jmeter.threads.JMeterThread: Thread started: Create_account 1-494 
2016/06/06 04:41:38 INFO  - jmeter.util.BeanShellTestElement: testbean 
2016/06/06 04:41:38 INFO  - jmeter.util.BeanShellTestElement: testben493@gmail.com 
2016/06/06 04:41:38 ERROR - jmeter.protocol.http.sampler.HTTPJavaImpl: readResponse: java.io.IOException: Server returned HTTP response code: 503 for URL: https://handstandapp.com/ 
2016/06/06 04:41:38 ERROR - jmeter.protocol.http.sampler.HTTPJavaImpl: Cause: java.io.IOException: Server returned HTTP response code: 503 for URL: https://handstandapp.com/ 
2016/06/06 04:41:38 INFO  - jmeter.protocol.http.sampler.HTTPJavaImpl: Error Response Code: 503, Server sent no Errorpage 
2016/06/06 04:41:38 INFO  - jmeter.threads.JMeterThread: Stop Test detected by thread: Create_account 1-492 
2016/06/06 04:41:38 INFO  - jmeter.threads.JMeterThread: Thread finished: Create_account 1-492 
2016/06/06 04:41:38 INFO  - jmeter.engine.StandardJMeterEngine: Ending thread Create_account 1-492 
2016/06/06 04:41:38 INFO  - jmeter.threads.JMeterThread: Thread started: Create_account 1-495 
2016/06/06 04:41:38 INFO  - jmeter.util.BeanShellTestElement: testbean 
2016/06/06 04:41:38 INFO  - jmeter.util.BeanShellTestElement: testben494@gmail.com 
2016/06/06 04:41:38 ERROR - jmeter.protocol.http.sampler.HTTPJavaImpl: readResponse: java.io.IOException: Server returned HTTP response code: 503 for URL: https://handstandapp.com/ 
2016/06/06 04:41:38 ERROR - jmeter.protocol.http.sampler.HTTPJavaImpl: Cause: java.io.IOException: Server returned HTTP response code: 503 for URL: https://handstandapp.com/ 
2016/06/06 04:41:38 INFO  - jmeter.protocol.http.sampler.HTTPJavaImpl: Error Response Code: 503, Server sent no Errorpage 
2016/06/06 04:41:38 INFO  - jmeter.threads.JMeterThread: Stop Test detected by thread: Create_account 1-493 
2016/06/06 04:41:38 INFO  - jmeter.threads.JMeterThread: Thread finished: Create_account 1-493 
2016/06/06 04:41:38 INFO  - jmeter.engine.StandardJMeterEngine: Ending thread Create_account 1-493 
2016/06/06 04:41:38 INFO  - jmeter.threads.JMeterThread: Thread started: Create_account 1-496 
2016/06/06 04:41:38 INFO  - jmeter.util.BeanShellTestElement: testbean 
2016/06/06 04:41:38 INFO  - jmeter.util.BeanShellTestElement: testben495@gmail.com 
2016/06/06 04:41:38 ERROR - jmeter.protocol.http.sampler.HTTPJavaImpl: readResponse: java.io.IOException: Server returned HTTP response code: 503 for URL: https://handstandapp.com/ 
2016/06/06 04:41:38 ERROR - jmeter.protocol.http.sampler.HTTPJavaImpl: Cause: java.io.IOException: Server returned HTTP response code: 503 for URL: https://handstandapp.com/ 
2016/06/06 04:41:38 INFO  - jmeter.protocol.http.sampler.HTTPJavaImpl: Error Response Code: 503, Server sent no Errorpage 
2016/06/06 04:41:38 INFO  - jmeter.threads.JMeterThread: Stop Test detected by thread: Create_account 1-494 
2016/06/06 04:41:38 INFO  - jmeter.threads.JMeterThread: Thread finished: Create_account 1-494 
2016/06/06 04:41:38 INFO  - jmeter.engine.StandardJMeterEngine: Ending thread Create_account 1-494 
2016/06/06 04:41:38 INFO  - jmeter.threads.JMeterThread: Thread started: Create_account 1-497 
2016/06/06 04:41:38 INFO  - jmeter.util.BeanShellTestElement: testbean 
2016/06/06 04:41:38 INFO  - jmeter.util.BeanShellTestElement: testben496@gmail.com 
2016/06/06 04:41:38 ERROR - jmeter.protocol.http.sampler.HTTPJavaImpl: readResponse: java.io.IOException: Server returned HTTP response code: 503 for URL: https://handstandapp.com/ 
2016/06/06 04:41:38 ERROR - jmeter.protocol.http.sampler.HTTPJavaImpl: Cause: java.io.IOException: Server returned HTTP response code: 503 for URL: https://handstandapp.com/ 
2016/06/06 04:41:38 INFO  - jmeter.protocol.http.sampler.HTTPJavaImpl: Error Response Code: 503, Server sent no Errorpage 
2016/06/06 04:41:38 INFO  - jmeter.threads.JMeterThread: Stop Test detected by thread: Create_account 1-495 
2016/06/06 04:41:38 INFO  - jmeter.threads.JMeterThread: Thread finished: Create_account 1-495 
2016/06/06 04:41:38 INFO  - jmeter.engine.StandardJMeterEngine: Ending thread Create_account 1-495 
2016/06/06 04:41:38 INFO  - jmeter.threads.JMeterThread: Thread started: Create_account 1-498 
2016/06/06 04:41:38 INFO  - jmeter.util.BeanShellTestElement: testbean 
2016/06/06 04:41:38 INFO  - jmeter.util.BeanShellTestElement: testben497@gmail.com 
2016/06/06 04:41:38 ERROR - jmeter.protocol.http.sampler.HTTPJavaImpl: readResponse: java.io.IOException: Server returned HTTP response code: 503 for URL: https://handstandapp.com/ 
2016/06/06 04:41:38 ERROR - jmeter.protocol.http.sampler.HTTPJavaImpl: Cause: java.io.IOException: Server returned HTTP response code: 503 for URL: https://handstandapp.com/ 
2016/06/06 04:41:38 INFO  - jmeter.protocol.http.sampler.HTTPJavaImpl: Error Response Code: 503, Server sent no Errorpage 
2016/06/06 04:41:38 INFO  - jmeter.threads.JMeterThread: Stop Test detected by thread: Create_account 1-496 
2016/06/06 04:41:38 INFO  - jmeter.threads.JMeterThread: Thread finished: Create_account 1-496 
2016/06/06 04:41:38 INFO  - jmeter.engine.StandardJMeterEngine: Ending thread Create_account 1-496 
2016/06/06 04:41:39 INFO  - jmeter.threads.JMeterThread: Thread started: Create_account 1-499 
2016/06/06 04:41:39 INFO  - jmeter.util.BeanShellTestElement: testbean 
2016/06/06 04:41:39 INFO  - jmeter.util.BeanShellTestElement: testben498@gmail.com 
2016/06/06 04:41:39 ERROR - jmeter.protocol.http.sampler.HTTPJavaImpl: readResponse: java.io.IOException: Server returned HTTP response code: 503 for URL: https://handstandapp.com/ 
2016/06/06 04:41:39 ERROR - jmeter.protocol.http.sampler.HTTPJavaImpl: Cause: java.io.IOException: Server returned HTTP response code: 503 for URL: https://handstandapp.com/ 
2016/06/06 04:41:39 INFO  - jmeter.protocol.http.sampler.HTTPJavaImpl: Error Response Code: 503, Server sent no Errorpage 
2016/06/06 04:41:39 INFO  - jmeter.threads.JMeterThread: Stop Test detected by thread: Create_account 1-497 
2016/06/06 04:41:39 INFO  - jmeter.threads.JMeterThread: Thread finished: Create_account 1-497 
2016/06/06 04:41:39 INFO  - jmeter.engine.StandardJMeterEngine: Ending thread Create_account 1-497 
2016/06/06 04:41:39 INFO  - jmeter.threads.JMeterThread: Thread started: Create_account 1-500 
2016/06/06 04:41:39 INFO  - jmeter.util.BeanShellTestElement: testbean 
2016/06/06 04:41:39 INFO  - jmeter.util.BeanShellTestElement: testben499@gmail.com 
2016/06/06 04:41:39 ERROR - jmeter.protocol.http.sampler.HTTPJavaImpl: readResponse: java.io.IOException: Server returned HTTP response code: 503 for URL: https://handstandapp.com/ 
2016/06/06 04:41:39 ERROR - jmeter.protocol.http.sampler.HTTPJavaImpl: Cause: java.io.IOException: Server returned HTTP response code: 503 for URL: https://handstandapp.com/ 
2016/06/06 04:41:39 INFO  - jmeter.protocol.http.sampler.HTTPJavaImpl: Error Response Code: 503, Server sent no Errorpage 
2016/06/06 04:41:39 INFO  - jmeter.threads.JMeterThread: Stop Test detected by thread: Create_account 1-498 
2016/06/06 04:41:39 INFO  - jmeter.threads.JMeterThread: Thread finished: Create_account 1-498 
2016/06/06 04:41:39 INFO  - jmeter.engine.StandardJMeterEngine: Ending thread Create_account 1-498 
2016/06/06 04:41:39 ERROR - jmeter.protocol.http.sampler.HTTPJavaImpl: readResponse: java.io.IOException: Server returned HTTP response code: 503 for URL: https://handstandapp.com/ 
2016/06/06 04:41:39 ERROR - jmeter.protocol.http.sampler.HTTPJavaImpl: Cause: java.io.IOException: Server returned HTTP response code: 503 for URL: https://handstandapp.com/ 
2016/06/06 04:41:39 INFO  - jmeter.protocol.http.sampler.HTTPJavaImpl: Error Response Code: 503, Server sent no Errorpage 
2016/06/06 04:41:39 INFO  - jmeter.threads.JMeterThread: Stop Test detected by thread: Create_account 1-499 
2016/06/06 04:41:39 INFO  - jmeter.threads.JMeterThread: Thread finished: Create_account 1-499 
2016/06/06 04:41:39 INFO  - jmeter.engine.StandardJMeterEngine: Ending thread Create_account 1-499 
2016/06/06 04:41:39 ERROR - jmeter.protocol.http.sampler.HTTPJavaImpl: readResponse: java.io.IOException: Server returned HTTP response code: 503 for URL: https://handstandapp.com/ 
2016/06/06 04:41:39 ERROR - jmeter.protocol.http.sampler.HTTPJavaImpl: Cause: java.io.IOException: Server returned HTTP response code: 503 for URL: https://handstandapp.com/ 
2016/06/06 04:41:39 INFO  - jmeter.protocol.http.sampler.HTTPJavaImpl: Error Response Code: 503, Server sent no Errorpage 
2016/06/06 04:41:39 INFO  - jmeter.threads.JMeterThread: Stop Test detected by thread: Create_account 1-500 
2016/06/06 04:41:39 INFO  - jmeter.threads.JMeterThread: Thread finished: Create_account 1-500 
2016/06/06 04:41:39 INFO  - jmeter.engine.StandardJMeterEngine: Ending thread Create_account 1-500 
2016/06/06 04:41:39 INFO  - jmeter.engine.StandardJMeterEngine: Notifying test listeners of end of test 
2016/06/06 04:41:39 INFO  - jmeter.engine.StandardJMeterEngine: Test has ended on host null 
